This is pdfTeX, Version 3.14159265-2.6-1.40.21 (MiKTeX 2.9.7300 64-bit) (preloaded format=pdflatex 2020.3.11)  8 JUL 2020 21:11
entering extended mode
**./LonGThesis.tex
(LonGThesis.tex
LaTeX2e <2020-02-02> patch level 2
L3 programming layer <2020-02-14> (utmthesis.cls
Document Class: utmthesis 2018/12/28 v6.1 Class File for Universiti Teknologi M
alaysia Thesis Writing
("C:\Users\User\AppData\Local\Programs\MiKTeX 2.9\tex/latex/acronym\acronym.sty
"
Package: acronym 2020/02/07 v1.44 Support for acronyms (Tobias Oetiker)
 ("C:\Users\User\AppData\Local\Programs\MiKTeX 2.9\tex/latex/bigfoot\suffix.sty
"
Package: suffix 2006/07/15 1.5a Variant command support
)
("C:\Users\User\AppData\Local\Programs\MiKTeX 2.9\tex/latex/xstring\xstring.sty
"
("C:\Users\User\AppData\Local\Programs\MiKTeX 2.9\tex/generic/xstring\xstring.t
ex"
\integerpart=\count167
\decimalpart=\count168
)
Package: xstring 2019/02/06 v1.83 String manipulations (CT)
)
\AC@clearlist=\toks14
)
("C:\Users\User\AppData\Local\Programs\MiKTeX 2.9\tex/latex/emptypage\emptypage
.sty"
Package: emptypage 2010/05/30 v1.2 Suppress page numbers and headings on empty 
pages
)
("C:\Users\User\AppData\Local\Programs\MiKTeX 2.9\tex/latex/txfonts\txfonts.sty
"
Package: txfonts 2008/01/22 v3.2.1
LaTeX Font Info:    Redeclaring symbol font `operators' on input line 21.
LaTeX Font Info:    Overwriting symbol font `operators' in version `normal'
(Font)                  OT1/cmr/m/n --> OT1/txr/m/n on input line 21.
LaTeX Font Info:    Overwriting symbol font `operators' in version `bold'
(Font)                  OT1/cmr/bx/n --> OT1/txr/m/n on input line 21.
LaTeX Font Info:    Overwriting symbol font `operators' in version `bold'
(Font)                  OT1/txr/m/n --> OT1/txr/bx/n on input line 22.
\symitalic=\mathgroup4
LaTeX Font Info:    Overwriting symbol font `italic' in version `bold'
(Font)                  OT1/txr/m/it --> OT1/txr/bx/it on input line 26.
LaTeX Font Info:    Redeclaring math alphabet \mathbf on input line 29.
LaTeX Font Info:    Overwriting math alphabet `\mathbf' in version `normal'
(Font)                  OT1/cmr/bx/n --> OT1/txr/bx/n on input line 29.
LaTeX Font Info:    Overwriting math alphabet `\mathbf' in version `bold'
(Font)                  OT1/cmr/bx/n --> OT1/txr/bx/n on input line 29.
LaTeX Font Info:    Redeclaring math alphabet \mathit on input line 30.
LaTeX Font Info:    Overwriting math alphabet `\mathit' in version `normal'
(Font)                  OT1/cmr/m/it --> OT1/txr/m/it on input line 30.
LaTeX Font Info:    Overwriting math alphabet `\mathit' in version `bold'
(Font)                  OT1/cmr/bx/it --> OT1/txr/m/it on input line 30.
LaTeX Font Info:    Overwriting math alphabet `\mathit' in version `bold'
(Font)                  OT1/txr/m/it --> OT1/txr/bx/it on input line 31.
LaTeX Font Info:    Redeclaring math alphabet \mathsf on input line 40.
LaTeX Font Info:    Overwriting math alphabet `\mathsf' in version `normal'
(Font)                  OT1/cmss/m/n --> OT1/txss/m/n on input line 40.
LaTeX Font Info:    Overwriting math alphabet `\mathsf' in version `bold'
(Font)                  OT1/cmss/bx/n --> OT1/txss/m/n on input line 40.
LaTeX Font Info:    Overwriting math alphabet `\mathsf' in version `bold'
(Font)                  OT1/txss/m/n --> OT1/txss/b/n on input line 41.
LaTeX Font Info:    Redeclaring math alphabet \mathtt on input line 50.
LaTeX Font Info:    Overwriting math alphabet `\mathtt' in version `normal'
(Font)                  OT1/cmtt/m/n --> OT1/txtt/m/n on input line 50.
LaTeX Font Info:    Overwriting math alphabet `\mathtt' in version `bold'
(Font)                  OT1/cmtt/m/n --> OT1/txtt/m/n on input line 50.
LaTeX Font Info:    Overwriting math alphabet `\mathtt' in version `bold'
(Font)                  OT1/txtt/m/n --> OT1/txtt/b/n on input line 51.
LaTeX Font Info:    Redeclaring symbol font `letters' on input line 58.
LaTeX Font Info:    Overwriting symbol font `letters' in version `normal'
(Font)                  OML/cmm/m/it --> OML/txmi/m/it on input line 58.
LaTeX Font Info:    Overwriting symbol font `letters' in version `bold'
(Font)                  OML/cmm/b/it --> OML/txmi/m/it on input line 58.
LaTeX Font Info:    Overwriting symbol font `letters' in version `bold'
(Font)                  OML/txmi/m/it --> OML/txmi/bx/it on input line 59.
\symlettersA=\mathgroup5
LaTeX Font Info:    Overwriting symbol font `lettersA' in version `bold'
(Font)                  U/txmia/m/it --> U/txmia/bx/it on input line 67.
LaTeX Font Info:    Redeclaring symbol font `symbols' on input line 77.
LaTeX Font Info:    Overwriting symbol font `symbols' in version `normal'
(Font)                  OMS/cmsy/m/n --> OMS/txsy/m/n on input line 77.
LaTeX Font Info:    Overwriting symbol font `symbols' in version `bold'
(Font)                  OMS/cmsy/b/n --> OMS/txsy/m/n on input line 77.
LaTeX Font Info:    Overwriting symbol font `symbols' in version `bold'
(Font)                  OMS/txsy/m/n --> OMS/txsy/bx/n on input line 78.
\symAMSa=\mathgroup6
LaTeX Font Info:    Overwriting symbol font `AMSa' in version `bold'
(Font)                  U/txsya/m/n --> U/txsya/bx/n on input line 94.
\symAMSb=\mathgroup7
LaTeX Font Info:    Overwriting symbol font `AMSb' in version `bold'
(Font)                  U/txsyb/m/n --> U/txsyb/bx/n on input line 103.
\symsymbolsC=\mathgroup8
LaTeX Font Info:    Overwriting symbol font `symbolsC' in version `bold'
(Font)                  U/txsyc/m/n --> U/txsyc/bx/n on input line 113.
LaTeX Font Info:    Redeclaring symbol font `largesymbols' on input line 120.
LaTeX Font Info:    Overwriting symbol font `largesymbols' in version `normal'
(Font)                  OMX/cmex/m/n --> OMX/txex/m/n on input line 120.
LaTeX Font Info:    Overwriting symbol font `largesymbols' in version `bold'
(Font)                  OMX/cmex/m/n --> OMX/txex/m/n on input line 120.
LaTeX Font Info:    Overwriting symbol font `largesymbols' in version `bold'
(Font)                  OMX/txex/m/n --> OMX/txex/bx/n on input line 121.
\symlargesymbolsA=\mathgroup9
LaTeX Font Info:    Overwriting symbol font `largesymbolsA' in version `bold'
(Font)                  U/txexa/m/n --> U/txexa/bx/n on input line 129.
LaTeX Font Info:    Redeclaring math symbol \mathsterling on input line 164.
LaTeX Font Info:    Redeclaring math symbol \hbar on input line 591.
LaTeX Info: Redefining \not on input line 1043.
)
("C:\Users\User\AppData\Local\Programs\MiKTeX 2.9\tex/latex/hyperref\hyperref.s
ty"
Package: hyperref 2020/01/14 v7.00d Hypertext links for LaTeX

("C:\Users\User\AppData\Local\Programs\MiKTeX 2.9\tex/generic/ltxcmds\ltxcmds.s
ty"
Package: ltxcmds 2019/12/15 v1.24 LaTeX kernel commands for general use (HO)
)
("C:\Users\User\AppData\Local\Programs\MiKTeX 2.9\tex/generic/iftex\iftex.sty"
Package: iftex 2019/11/07 v1.0c TeX engine tests
)
("C:\Users\User\AppData\Local\Programs\MiKTeX 2.9\tex/latex/pdftexcmds\pdftexcm
ds.sty"
Package: pdftexcmds 2019/11/24 v0.31 Utility functions of pdfTeX for LuaTeX (HO
)

("C:\Users\User\AppData\Local\Programs\MiKTeX 2.9\tex/generic/infwarerr\infware
rr.sty"
Package: infwarerr 2019/12/03 v1.5 Providing info/warning/error messages (HO)
)
Package pdftexcmds Info: \pdf@primitive is available.
Package pdftexcmds Info: \pdf@ifprimitive is available.
Package pdftexcmds Info: \pdfdraftmode found.
)
("C:\Users\User\AppData\Local\Programs\MiKTeX 2.9\tex/latex/graphics\keyval.sty
"
Package: keyval 2014/10/28 v1.15 key=value parser (DPC)
\KV@toks@=\toks15
)
("C:\Users\User\AppData\Local\Programs\MiKTeX 2.9\tex/generic/kvsetkeys\kvsetke
ys.sty"
Package: kvsetkeys 2019/12/15 v1.18 Key value parser (HO)
)
("C:\Users\User\AppData\Local\Programs\MiKTeX 2.9\tex/generic/kvdefinekeys\kvde
finekeys.sty"
Package: kvdefinekeys 2019-12-19 v1.6 Define keys (HO)
)
("C:\Users\User\AppData\Local\Programs\MiKTeX 2.9\tex/generic/pdfescape\pdfesca
pe.sty"
Package: pdfescape 2019/12/09 v1.15 Implements pdfTeX's escape features (HO)
)
("C:\Users\User\AppData\Local\Programs\MiKTeX 2.9\tex/latex/hycolor\hycolor.sty
"
Package: hycolor 2020-01-27 v1.10 Color options for hyperref/bookmark (HO)
)
("C:\Users\User\AppData\Local\Programs\MiKTeX 2.9\tex/latex/letltxmacro\letltxm
acro.sty"
Package: letltxmacro 2019/12/03 v1.6 Let assignment for LaTeX macros (HO)
)
("C:\Users\User\AppData\Local\Programs\MiKTeX 2.9\tex/latex/auxhook\auxhook.sty
"
Package: auxhook 2019-12-17 v1.6 Hooks for auxiliary files (HO)
)
("C:\Users\User\AppData\Local\Programs\MiKTeX 2.9\tex/latex/kvoptions\kvoptions
.sty"
Package: kvoptions 2019/11/29 v3.13 Key value format for package options (HO)
)
\@linkdim=\dimen134
\Hy@linkcounter=\count169
\Hy@pagecounter=\count170

("C:\Users\User\AppData\Local\Programs\MiKTeX 2.9\tex/latex/hyperref\pd1enc.def
"
File: pd1enc.def 2020/01/14 v7.00d Hyperref: PDFDocEncoding definition (HO)
Now handling font encoding PD1 ...
... no UTF-8 mapping file for font encoding PD1
)
("C:\Users\User\AppData\Local\Programs\MiKTeX 2.9\tex/generic/intcalc\intcalc.s
ty"
Package: intcalc 2019/12/15 v1.3 Expandable calculations with integers (HO)
)
("C:\Users\User\AppData\Local\Programs\MiKTeX 2.9\tex/generic/etexcmds\etexcmds
.sty"
Package: etexcmds 2019/12/15 v1.7 Avoid name clashes with e-TeX commands (HO)
)
\Hy@SavedSpaceFactor=\count171
Package hyperref Info: Hyper figures OFF on input line 4547.
Package hyperref Info: Link nesting OFF on input line 4552.
Package hyperref Info: Hyper index ON on input line 4555.
Package hyperref Info: Plain pages OFF on input line 4562.
Package hyperref Info: Backreferencing OFF on input line 4567.
Package hyperref Info: Implicit mode ON; LaTeX internals redefined.
Package hyperref Info: Bookmarks ON on input line 4800.
\c@Hy@tempcnt=\count172
 ("C:\Users\User\AppData\Local\Programs\MiKTeX 2.9\tex/latex/url\url.sty"
\Urlmuskip=\muskip16
Package: url 2013/09/16  ver 3.4  Verb mode for urls, etc.
)
LaTeX Info: Redefining \url on input line 5159.
\XeTeXLinkMargin=\dimen135

("C:\Users\User\AppData\Local\Programs\MiKTeX 2.9\tex/generic/bitset\bitset.sty
"
Package: bitset 2019/12/09 v1.3 Handle bit-vector datatype (HO)

("C:\Users\User\AppData\Local\Programs\MiKTeX 2.9\tex/generic/bigintcalc\bigint
calc.sty"
Package: bigintcalc 2019/12/15 v1.5 Expandable calculations on big integers (HO
)
))
\Fld@menulength=\count173
\Field@Width=\dimen136
\Fld@charsize=\dimen137
Package hyperref Info: Hyper figures OFF on input line 6430.
Package hyperref Info: Link nesting OFF on input line 6435.
Package hyperref Info: Hyper index ON on input line 6438.
Package hyperref Info: backreferencing OFF on input line 6445.
Package hyperref Info: Link coloring OFF on input line 6450.
Package hyperref Info: Link coloring with OCG OFF on input line 6455.
Package hyperref Info: PDF/A mode OFF on input line 6460.
LaTeX Info: Redefining \ref on input line 6500.
LaTeX Info: Redefining \pageref on input line 6504.

("C:\Users\User\AppData\Local\Programs\MiKTeX 2.9\tex/generic/atbegshi\atbegshi
.sty"
Package: atbegshi 2019/12/05 v1.19 At begin shipout hook (HO)
)

Package hyperref Warning: Option `pdfpagelabels' is turned off
(hyperref)                because \thepage is undefined.

\c@Item=\count174
\c@Hfootnote=\count175
)
Package hyperref Info: Driver (autodetected): hpdftex.

("C:\Users\User\AppData\Local\Programs\MiKTeX 2.9\tex/latex/hyperref\hpdftex.de
f"
File: hpdftex.def 2020/01/14 v7.00d Hyperref driver for pdfTeX
\Fld@listcount=\count176
\c@bookmark@seq@number=\count177

("C:\Users\User\AppData\Local\Programs\MiKTeX 2.9\tex/latex/rerunfilecheck\reru
nfilecheck.sty"
Package: rerunfilecheck 2019/12/05 v1.9 Rerun checks for auxiliary files (HO)

("C:\Users\User\AppData\Local\Programs\MiKTeX 2.9\tex/latex/atveryend\atveryend
.sty"
Package: atveryend 2019-12-11 v1.11 Hooks at the very end of document (HO)
Package atveryend Info: \enddocument detected (standard20110627).
)
("C:\Users\User\AppData\Local\Programs\MiKTeX 2.9\tex/generic/uniquecounter\uni
quecounter.sty"
Package: uniquecounter 2019/12/15 v1.4 Provide unlimited unique counter (HO)
)
Package uniquecounter Info: New unique counter `rerunfilecheck' on input line 2
86.
)
\Hy@SectionHShift=\skip47
)

Class utmthesis Warning: Unknown option `twoside' on input line 78.

("C:\Users\User\AppData\Local\Programs\MiKTeX 2.9\tex/latex/base\book.cls"
Document Class: book 2019/12/20 v1.4l Standard LaTeX document class
("C:\Users\User\AppData\Local\Programs\MiKTeX 2.9\tex/latex/base\bk12.clo"
File: bk12.clo 2019/12/20 v1.4l Standard LaTeX file (size option)
)
\c@part=\count178
\c@chapter=\count179
\c@section=\count180
\c@subsection=\count181
\c@subsubsection=\count182
\c@paragraph=\count183
\c@subparagraph=\count184
\c@figure=\count185
\c@table=\count186
\abovecaptionskip=\skip48
\belowcaptionskip=\skip49
\bibindent=\dimen138
)
("C:\Users\User\AppData\Local\Programs\MiKTeX 2.9\tex/latex/tocvsec2\tocvsec2.s
ty"
Package: tocvsec2 2014/03/10 v1.3a variable ToC section entries
 ("C:\Users\User\AppData\Local\Programs\MiKTeX 2.9\tex/latex/base\ifthen.sty"
Package: ifthen 2014/09/29 v1.1c Standard LaTeX ifthen package (DPC)
)
\c@max@tocdepth=\count187
\c@max@secnumdepth=\count188
)
("C:\Users\User\AppData\Local\Programs\MiKTeX 2.9\tex/latex/setspace\setspace.s
ty"
Package: setspace 2011/12/19 v6.7a set line spacing
)
("C:\Users\User\AppData\Local\Programs\MiKTeX 2.9\tex/latex/parskip\parskip.sty
"
Package: parskip 2020-01-22 v2.0d non-zero parskip adjustments

("C:\Users\User\AppData\Local\Programs\MiKTeX 2.9\tex/latex/etoolbox\etoolbox.s
ty"
Package: etoolbox 2019/09/21 v2.5h e-TeX tools for LaTeX (JAW)
\etb@tempcnta=\count189
))
("C:\Users\User\AppData\Local\Programs\MiKTeX 2.9\tex/latex/algorithms\algorith
m.sty"
Package: algorithm 2009/08/24 v0.1 Document Style `algorithm' - floating enviro
nment

("C:\Users\User\AppData\Local\Programs\MiKTeX 2.9\tex/latex/float\float.sty"
Package: float 2001/11/08 v1.3d Float enhancements (AL)
\c@float@type=\count190
\float@exts=\toks16
\float@box=\box45
\@float@everytoks=\toks17
\@floatcapt=\box46
)
\@float@every@algorithm=\toks18
\c@algorithm=\count191
)
("C:\Users\User\AppData\Local\Programs\MiKTeX 2.9\tex/latex/enumitem\enumitem.s
ty"
Package: enumitem 2019/06/20 v3.9 Customized lists
\labelindent=\skip50
\enit@outerparindent=\dimen139
\enit@toks=\toks19
\enit@inbox=\box47
\enit@count@id=\count192
\enitdp@description=\count193
)
("C:\Users\User\AppData\Local\Programs\MiKTeX 2.9\tex/latex/pdfpages\pdfpages.s
ty"
Package: pdfpages 2020/01/28 v0.5q Insert pages of external PDF documents (AM)
 ("C:\Users\User\AppData\Local\Programs\MiKTeX 2.9\tex/latex/tools\calc.sty"
Package: calc 2017/05/25 v4.3 Infix arithmetic (KKT,FJ)
\calc@Acount=\count194
\calc@Bcount=\count195
\calc@Adimen=\dimen140
\calc@Bdimen=\dimen141
\calc@Askip=\skip51
\calc@Bskip=\skip52
LaTeX Info: Redefining \setlength on input line 80.
LaTeX Info: Redefining \addtolength on input line 81.
\calc@Ccount=\count196
\calc@Cskip=\skip53
)
("C:\Users\User\AppData\Local\Programs\MiKTeX 2.9\tex/latex/eso-pic\eso-pic.sty
"
Package: eso-pic 2018/04/12 v2.0h eso-pic (RN)
 ("C:\Users\User\AppData\Local\Programs\MiKTeX 2.9\tex/latex/xcolor\xcolor.sty"
Package: xcolor 2016/05/11 v2.12 LaTeX color extensions (UK)

("C:\Users\User\AppData\Local\Programs\MiKTeX 2.9\tex/latex/graphics-cfg\color.
cfg"
File: color.cfg 2016/01/02 v1.6 sample color configuration
)
Package xcolor Info: Driver file: pdftex.def on input line 225.

("C:\Users\User\AppData\Local\Programs\MiKTeX 2.9\tex/latex/graphics-def\pdftex
.def"
File: pdftex.def 2018/01/08 v1.0l Graphics/color driver for pdftex
)
Package xcolor Info: Model `cmy' substituted by `cmy0' on input line 1348.
Package xcolor Info: Model `hsb' substituted by `rgb' on input line 1352.
Package xcolor Info: Model `RGB' extended on input line 1364.
Package xcolor Info: Model `HTML' substituted by `rgb' on input line 1366.
Package xcolor Info: Model `Hsb' substituted by `hsb' on input line 1367.
Package xcolor Info: Model `tHsb' substituted by `hsb' on input line 1368.
Package xcolor Info: Model `HSB' substituted by `hsb' on input line 1369.
Package xcolor Info: Model `Gray' substituted by `gray' on input line 1370.
Package xcolor Info: Model `wave' substituted by `hsb' on input line 1371.
))
("C:\Users\User\AppData\Local\Programs\MiKTeX 2.9\tex/latex/graphics\graphicx.s
ty"
Package: graphicx 2019/11/30 v1.2a Enhanced LaTeX Graphics (DPC,SPQR)

("C:\Users\User\AppData\Local\Programs\MiKTeX 2.9\tex/latex/graphics\graphics.s
ty"
Package: graphics 2019/11/30 v1.4a Standard LaTeX Graphics (DPC,SPQR)

("C:\Users\User\AppData\Local\Programs\MiKTeX 2.9\tex/latex/graphics\trig.sty"
Package: trig 2016/01/03 v1.10 sin cos tan (DPC)
)
("C:\Users\User\AppData\Local\Programs\MiKTeX 2.9\tex/latex/graphics-cfg\graphi
cs.cfg"
File: graphics.cfg 2016/06/04 v1.11 sample graphics configuration
)
Package graphics Info: Driver file: pdftex.def on input line 105.
)
\Gin@req@height=\dimen142
\Gin@req@width=\dimen143
)
\AM@pagewidth=\dimen144
\AM@pageheight=\dimen145

("C:\Users\User\AppData\Local\Programs\MiKTeX 2.9\tex/latex/pdfpages\pppdftex.d
ef"
File: pppdftex.def 2020/01/28 v0.5q Pdfpages driver for pdfTeX (AM)
)
\AM@pagebox=\box48
\AM@global@opts=\toks20
\AM@pagecnt=\count197
\AM@toc@title=\toks21
\c@AM@survey=\count198
\AM@templatesizebox=\box49
)
("C:\Users\User\AppData\Local\Programs\MiKTeX 2.9\tex/latex/nowidow\nowidow.sty
"
Package: nowidow 2011/09/20 1.0 Easily prevent widows and orphans
Package: nowidow 
)
("C:\Users\User\AppData\Local\Programs\MiKTeX 2.9\tex/latex/geometry\geometry.s
ty"
Package: geometry 2020/01/02 v5.9 Page Geometry

("C:\Users\User\AppData\Local\Programs\MiKTeX 2.9\tex/generic/iftex\ifvtex.sty"
Package: ifvtex 2019/10/25 v1.7 ifvtex legacy package. Use iftex instead.
)
\Gm@cnth=\count199
\Gm@cntv=\count266
\c@Gm@tempcnt=\count267
\Gm@bindingoffset=\dimen146
\Gm@wd@mp=\dimen147
\Gm@odd@mp=\dimen148
\Gm@even@mp=\dimen149
\Gm@layoutwidth=\dimen150
\Gm@layoutheight=\dimen151
\Gm@layouthoffset=\dimen152
\Gm@layoutvoffset=\dimen153
\Gm@dimlist=\toks22

("C:\Users\User\AppData\Local\Programs\MiKTeX 2.9\tex/latex/geometry\geometry.c
fg"))
\@onelinespacing=\skip54
\@twolinespacing=\skip55
\toc@tab@a=\skip56
\toc@tab@b=\skip57
\toc@tab@c=\skip58
\toc@tab@jumps=\skip59
\toc@sep@part=\skip60
\toc@sep@chap=\skip61
\toc@sep@figs=\skip62
\toc@sep@figstitle=\skip63
\toc@sep@a=\skip64
\toc@sep@b=\skip65
\toc@sep@c=\skip66
\toc@sep@d=\skip67

("C:\Users\User\AppData\Local\Programs\MiKTeX 2.9\tex/latex/caption\caption.sty
"
Package: caption 2020/01/03 v3.4h Customizing captions (AR)

("C:\Users\User\AppData\Local\Programs\MiKTeX 2.9\tex/latex/caption\caption3.st
y"
Package: caption3 2020/01/03 v1.8h caption3 kernel (AR)
Package caption3 Info: TeX engine: e-TeX on input line 61.
\captionmargin=\dimen154
\captionmargin@=\dimen155
\captionwidth=\dimen156
\caption@tempdima=\dimen157
\caption@indent=\dimen158
\caption@parindent=\dimen159
\caption@hangindent=\dimen160
Package caption Info: Standard document class detected.
)
\c@caption@flags=\count268
\c@continuedfloat=\count269
Package caption Info: float package is loaded.
Package caption Info: hyperref package is loaded.
)
\c@utmthesis@temp@page=\count270
\@tinyskip=\skip68
\@lmsymbol=\dimen161
\@lcsymbol=\dimen162
\@rcsymbol=\dimen163
\@scsymbol=\dimen164
\@pcsymbol=\dimen165
\@lmabbre=\dimen166
\@lcabbre=\dimen167
\@rcabbre=\dimen168
\@scabbre=\dimen169
\@pcabbre=\dimen170
)
("C:\Users\User\AppData\Local\Programs\MiKTeX 2.9\tex/latex/background\backgrou
nd.sty"
Package: background 2014/03/04 v2.1 background material

("C:\Users\User\AppData\Local\Programs\MiKTeX 2.9\tex/latex/xkeyval\xkeyval.sty
"
Package: xkeyval 2014/12/03 v2.7a package option processing (HA)

("C:\Users\User\AppData\Local\Programs\MiKTeX 2.9\tex/generic/xkeyval\xkeyval.t
ex"
("C:\Users\User\AppData\Local\Programs\MiKTeX 2.9\tex/generic/xkeyval\xkvutils.
tex"
\XKV@toks=\toks23
\XKV@tempa@toks=\toks24
)
\XKV@depth=\count271
File: xkeyval.tex 2014/12/03 v2.7a key=value parser (HA)
))
("C:\Users\User\AppData\Local\Programs\MiKTeX 2.9\tex/latex/pgf/frontendlayer\t
ikz.sty"
("C:\Users\User\AppData\Local\Programs\MiKTeX 2.9\tex/latex/pgf/basiclayer\pgf.
sty"
("C:\Users\User\AppData\Local\Programs\MiKTeX 2.9\tex/latex/pgf/utilities\pgfrc
s.sty"
("C:\Users\User\AppData\Local\Programs\MiKTeX 2.9\tex/generic/pgf/utilities\pgf
util-common.tex"
\pgfutil@everybye=\toks25
\pgfutil@tempdima=\dimen171
\pgfutil@tempdimb=\dimen172

("C:\Users\User\AppData\Local\Programs\MiKTeX 2.9\tex/generic/pgf/utilities\pgf
util-common-lists.tex"))
("C:\Users\User\AppData\Local\Programs\MiKTeX 2.9\tex/generic/pgf/utilities\pgf
util-latex.def"
\pgfutil@abb=\box50

("C:\Users\User\AppData\Local\Programs\MiKTeX 2.9\tex/latex/ms\everyshi.sty"
Package: everyshi 2001/05/15 v3.00 EveryShipout Package (MS)
))
("C:\Users\User\AppData\Local\Programs\MiKTeX 2.9\tex/generic/pgf/utilities\pgf
rcs.code.tex"
("C:\Users\User\AppData\Local\Programs\MiKTeX 2.9\tex/generic/pgf\pgf.revision.
tex")
Package: pgfrcs 2020/01/08 v3.1.5b (3.1.5b)
))
Package: pgf 2020/01/08 v3.1.5b (3.1.5b)

("C:\Users\User\AppData\Local\Programs\MiKTeX 2.9\tex/latex/pgf/basiclayer\pgfc
ore.sty"
("C:\Users\User\AppData\Local\Programs\MiKTeX 2.9\tex/latex/pgf/systemlayer\pgf
sys.sty"
("C:\Users\User\AppData\Local\Programs\MiKTeX 2.9\tex/generic/pgf/systemlayer\p
gfsys.code.tex"
Package: pgfsys 2020/01/08 v3.1.5b (3.1.5b)

("C:\Users\User\AppData\Local\Programs\MiKTeX 2.9\tex/generic/pgf/utilities\pgf
keys.code.tex"
\pgfkeys@pathtoks=\toks26
\pgfkeys@temptoks=\toks27

("C:\Users\User\AppData\Local\Programs\MiKTeX 2.9\tex/generic/pgf/utilities\pgf
keysfiltered.code.tex"
\pgfkeys@tmptoks=\toks28
))
\pgf@x=\dimen173
\pgf@y=\dimen174
\pgf@xa=\dimen175
\pgf@ya=\dimen176
\pgf@xb=\dimen177
\pgf@yb=\dimen178
\pgf@xc=\dimen179
\pgf@yc=\dimen180
\pgf@xd=\dimen181
\pgf@yd=\dimen182
\w@pgf@writea=\write3
\r@pgf@reada=\read2
\c@pgf@counta=\count272
\c@pgf@countb=\count273
\c@pgf@countc=\count274
\c@pgf@countd=\count275
\t@pgf@toka=\toks29
\t@pgf@tokb=\toks30
\t@pgf@tokc=\toks31
\pgf@sys@id@count=\count276

("C:\Users\User\AppData\Local\Programs\MiKTeX 2.9\tex/generic/pgf/systemlayer\p
gf.cfg"
File: pgf.cfg 2020/01/08 v3.1.5b (3.1.5b)
)
Driver file for pgf: pgfsys-pdftex.def

("C:\Users\User\AppData\Local\Programs\MiKTeX 2.9\tex/generic/pgf/systemlayer\p
gfsys-pdftex.def"
File: pgfsys-pdftex.def 2020/01/08 v3.1.5b (3.1.5b)

("C:\Users\User\AppData\Local\Programs\MiKTeX 2.9\tex/generic/pgf/systemlayer\p
gfsys-common-pdf.def"
File: pgfsys-common-pdf.def 2020/01/08 v3.1.5b (3.1.5b)
)))
("C:\Users\User\AppData\Local\Programs\MiKTeX 2.9\tex/generic/pgf/systemlayer\p
gfsyssoftpath.code.tex"
File: pgfsyssoftpath.code.tex 2020/01/08 v3.1.5b (3.1.5b)
\pgfsyssoftpath@smallbuffer@items=\count277
\pgfsyssoftpath@bigbuffer@items=\count278
)
("C:\Users\User\AppData\Local\Programs\MiKTeX 2.9\tex/generic/pgf/systemlayer\p
gfsysprotocol.code.tex"
File: pgfsysprotocol.code.tex 2020/01/08 v3.1.5b (3.1.5b)
))
("C:\Users\User\AppData\Local\Programs\MiKTeX 2.9\tex/generic/pgf/basiclayer\pg
fcore.code.tex"
Package: pgfcore 2020/01/08 v3.1.5b (3.1.5b)

("C:\Users\User\AppData\Local\Programs\MiKTeX 2.9\tex/generic/pgf/math\pgfmath.
code.tex"
("C:\Users\User\AppData\Local\Programs\MiKTeX 2.9\tex/generic/pgf/math\pgfmathc
alc.code.tex"
("C:\Users\User\AppData\Local\Programs\MiKTeX 2.9\tex/generic/pgf/math\pgfmathu
til.code.tex")
("C:\Users\User\AppData\Local\Programs\MiKTeX 2.9\tex/generic/pgf/math\pgfmathp
arser.code.tex"
\pgfmath@dimen=\dimen183
\pgfmath@count=\count279
\pgfmath@box=\box51
\pgfmath@toks=\toks32
\pgfmath@stack@operand=\toks33
\pgfmath@stack@operation=\toks34
)
("C:\Users\User\AppData\Local\Programs\MiKTeX 2.9\tex/generic/pgf/math\pgfmathf
unctions.code.tex"
("C:\Users\User\AppData\Local\Programs\MiKTeX 2.9\tex/generic/pgf/math\pgfmathf
unctions.basic.code.tex")
("C:\Users\User\AppData\Local\Programs\MiKTeX 2.9\tex/generic/pgf/math\pgfmathf
unctions.trigonometric.code.tex")
("C:\Users\User\AppData\Local\Programs\MiKTeX 2.9\tex/generic/pgf/math\pgfmathf
unctions.random.code.tex")
("C:\Users\User\AppData\Local\Programs\MiKTeX 2.9\tex/generic/pgf/math\pgfmathf
unctions.comparison.code.tex")
("C:\Users\User\AppData\Local\Programs\MiKTeX 2.9\tex/generic/pgf/math\pgfmathf
unctions.base.code.tex")
("C:\Users\User\AppData\Local\Programs\MiKTeX 2.9\tex/generic/pgf/math\pgfmathf
unctions.round.code.tex")
("C:\Users\User\AppData\Local\Programs\MiKTeX 2.9\tex/generic/pgf/math\pgfmathf
unctions.misc.code.tex")
("C:\Users\User\AppData\Local\Programs\MiKTeX 2.9\tex/generic/pgf/math\pgfmathf
unctions.integerarithmetics.code.tex")))
("C:\Users\User\AppData\Local\Programs\MiKTeX 2.9\tex/generic/pgf/math\pgfmathf
loat.code.tex"
\c@pgfmathroundto@lastzeros=\count280
))
("C:\Users\User\AppData\Local\Programs\MiKTeX 2.9\tex/generic/pgf/math\pgfint.c
ode.tex")
("C:\Users\User\AppData\Local\Programs\MiKTeX 2.9\tex/generic/pgf/basiclayer\pg
fcorepoints.code.tex"
File: pgfcorepoints.code.tex 2020/01/08 v3.1.5b (3.1.5b)
\pgf@picminx=\dimen184
\pgf@picmaxx=\dimen185
\pgf@picminy=\dimen186
\pgf@picmaxy=\dimen187
\pgf@pathminx=\dimen188
\pgf@pathmaxx=\dimen189
\pgf@pathminy=\dimen190
\pgf@pathmaxy=\dimen191
\pgf@xx=\dimen192
\pgf@xy=\dimen193
\pgf@yx=\dimen194
\pgf@yy=\dimen195
\pgf@zx=\dimen196
\pgf@zy=\dimen197
)
("C:\Users\User\AppData\Local\Programs\MiKTeX 2.9\tex/generic/pgf/basiclayer\pg
fcorepathconstruct.code.tex"
File: pgfcorepathconstruct.code.tex 2020/01/08 v3.1.5b (3.1.5b)
\pgf@path@lastx=\dimen198
\pgf@path@lasty=\dimen199
)
("C:\Users\User\AppData\Local\Programs\MiKTeX 2.9\tex/generic/pgf/basiclayer\pg
fcorepathusage.code.tex"
File: pgfcorepathusage.code.tex 2020/01/08 v3.1.5b (3.1.5b)
\pgf@shorten@end@additional=\dimen256
\pgf@shorten@start@additional=\dimen257
)
("C:\Users\User\AppData\Local\Programs\MiKTeX 2.9\tex/generic/pgf/basiclayer\pg
fcorescopes.code.tex"
File: pgfcorescopes.code.tex 2020/01/08 v3.1.5b (3.1.5b)
\pgfpic=\box52
\pgf@hbox=\box53
\pgf@layerbox@main=\box54
\pgf@picture@serial@count=\count281
)
("C:\Users\User\AppData\Local\Programs\MiKTeX 2.9\tex/generic/pgf/basiclayer\pg
fcoregraphicstate.code.tex"
File: pgfcoregraphicstate.code.tex 2020/01/08 v3.1.5b (3.1.5b)
\pgflinewidth=\dimen258
)
("C:\Users\User\AppData\Local\Programs\MiKTeX 2.9\tex/generic/pgf/basiclayer\pg
fcoretransformations.code.tex"
File: pgfcoretransformations.code.tex 2020/01/08 v3.1.5b (3.1.5b)
\pgf@pt@x=\dimen259
\pgf@pt@y=\dimen260
\pgf@pt@temp=\dimen261
)
("C:\Users\User\AppData\Local\Programs\MiKTeX 2.9\tex/generic/pgf/basiclayer\pg
fcorequick.code.tex"
File: pgfcorequick.code.tex 2020/01/08 v3.1.5b (3.1.5b)
)
("C:\Users\User\AppData\Local\Programs\MiKTeX 2.9\tex/generic/pgf/basiclayer\pg
fcoreobjects.code.tex"
File: pgfcoreobjects.code.tex 2020/01/08 v3.1.5b (3.1.5b)
)
("C:\Users\User\AppData\Local\Programs\MiKTeX 2.9\tex/generic/pgf/basiclayer\pg
fcorepathprocessing.code.tex"
File: pgfcorepathprocessing.code.tex 2020/01/08 v3.1.5b (3.1.5b)
)
("C:\Users\User\AppData\Local\Programs\MiKTeX 2.9\tex/generic/pgf/basiclayer\pg
fcorearrows.code.tex"
File: pgfcorearrows.code.tex 2020/01/08 v3.1.5b (3.1.5b)
\pgfarrowsep=\dimen262
)
("C:\Users\User\AppData\Local\Programs\MiKTeX 2.9\tex/generic/pgf/basiclayer\pg
fcoreshade.code.tex"
File: pgfcoreshade.code.tex 2020/01/08 v3.1.5b (3.1.5b)
\pgf@max=\dimen263
\pgf@sys@shading@range@num=\count282
\pgf@shadingcount=\count283
)
("C:\Users\User\AppData\Local\Programs\MiKTeX 2.9\tex/generic/pgf/basiclayer\pg
fcoreimage.code.tex"
File: pgfcoreimage.code.tex 2020/01/08 v3.1.5b (3.1.5b)

("C:\Users\User\AppData\Local\Programs\MiKTeX 2.9\tex/generic/pgf/basiclayer\pg
fcoreexternal.code.tex"
File: pgfcoreexternal.code.tex 2020/01/08 v3.1.5b (3.1.5b)
\pgfexternal@startupbox=\box55
))
("C:\Users\User\AppData\Local\Programs\MiKTeX 2.9\tex/generic/pgf/basiclayer\pg
fcorelayers.code.tex"
File: pgfcorelayers.code.tex 2020/01/08 v3.1.5b (3.1.5b)
)
("C:\Users\User\AppData\Local\Programs\MiKTeX 2.9\tex/generic/pgf/basiclayer\pg
fcoretransparency.code.tex"
File: pgfcoretransparency.code.tex 2020/01/08 v3.1.5b (3.1.5b)
)
("C:\Users\User\AppData\Local\Programs\MiKTeX 2.9\tex/generic/pgf/basiclayer\pg
fcorepatterns.code.tex"
File: pgfcorepatterns.code.tex 2020/01/08 v3.1.5b (3.1.5b)
)
("C:\Users\User\AppData\Local\Programs\MiKTeX 2.9\tex/generic/pgf/basiclayer\pg
fcorerdf.code.tex"
File: pgfcorerdf.code.tex 2020/01/08 v3.1.5b (3.1.5b)
)))
("C:\Users\User\AppData\Local\Programs\MiKTeX 2.9\tex/generic/pgf/modules\pgfmo
duleshapes.code.tex"
File: pgfmoduleshapes.code.tex 2020/01/08 v3.1.5b (3.1.5b)
\pgfnodeparttextbox=\box56
)
("C:\Users\User\AppData\Local\Programs\MiKTeX 2.9\tex/generic/pgf/modules\pgfmo
duleplot.code.tex"
File: pgfmoduleplot.code.tex 2020/01/08 v3.1.5b (3.1.5b)
)
("C:\Users\User\AppData\Local\Programs\MiKTeX 2.9\tex/latex/pgf/compatibility\p
gfcomp-version-0-65.sty"
Package: pgfcomp-version-0-65 2020/01/08 v3.1.5b (3.1.5b)
\pgf@nodesepstart=\dimen264
\pgf@nodesepend=\dimen265
)
("C:\Users\User\AppData\Local\Programs\MiKTeX 2.9\tex/latex/pgf/compatibility\p
gfcomp-version-1-18.sty"
Package: pgfcomp-version-1-18 2020/01/08 v3.1.5b (3.1.5b)
))
("C:\Users\User\AppData\Local\Programs\MiKTeX 2.9\tex/latex/pgf/utilities\pgffo
r.sty"
("C:\Users\User\AppData\Local\Programs\MiKTeX 2.9\tex/latex/pgf/utilities\pgfke
ys.sty"
("C:\Users\User\AppData\Local\Programs\MiKTeX 2.9\tex/generic/pgf/utilities\pgf
keys.code.tex"))
("C:\Users\User\AppData\Local\Programs\MiKTeX 2.9\tex/latex/pgf/math\pgfmath.st
y"
("C:\Users\User\AppData\Local\Programs\MiKTeX 2.9\tex/generic/pgf/math\pgfmath.
code.tex"))
("C:\Users\User\AppData\Local\Programs\MiKTeX 2.9\tex/generic/pgf/utilities\pgf
for.code.tex"
Package: pgffor 2020/01/08 v3.1.5b (3.1.5b)

("C:\Users\User\AppData\Local\Programs\MiKTeX 2.9\tex/generic/pgf/math\pgfmath.
code.tex")
\pgffor@iter=\dimen266
\pgffor@skip=\dimen267
\pgffor@stack=\toks35
\pgffor@toks=\toks36
))
("C:\Users\User\AppData\Local\Programs\MiKTeX 2.9\tex/generic/pgf/frontendlayer
/tikz\tikz.code.tex"
Package: tikz 2020/01/08 v3.1.5b (3.1.5b)

("C:\Users\User\AppData\Local\Programs\MiKTeX 2.9\tex/generic/pgf/libraries\pgf
libraryplothandlers.code.tex"
File: pgflibraryplothandlers.code.tex 2020/01/08 v3.1.5b (3.1.5b)
\pgf@plot@mark@count=\count284
\pgfplotmarksize=\dimen268
)
\tikz@lastx=\dimen269
\tikz@lasty=\dimen270
\tikz@lastxsaved=\dimen271
\tikz@lastysaved=\dimen272
\tikz@lastmovetox=\dimen273
\tikz@lastmovetoy=\dimen274
\tikzleveldistance=\dimen275
\tikzsiblingdistance=\dimen276
\tikz@figbox=\box57
\tikz@figbox@bg=\box58
\tikz@tempbox=\box59
\tikz@tempbox@bg=\box60
\tikztreelevel=\count285
\tikznumberofchildren=\count286
\tikznumberofcurrentchild=\count287
\tikz@fig@count=\count288

("C:\Users\User\AppData\Local\Programs\MiKTeX 2.9\tex/generic/pgf/modules\pgfmo
dulematrix.code.tex"
File: pgfmodulematrix.code.tex 2020/01/08 v3.1.5b (3.1.5b)
\pgfmatrixcurrentrow=\count289
\pgfmatrixcurrentcolumn=\count290
\pgf@matrix@numberofcolumns=\count291
)
\tikz@expandcount=\count292

("C:\Users\User\AppData\Local\Programs\MiKTeX 2.9\tex/generic/pgf/frontendlayer
/tikz/libraries\tikzlibrarytopaths.code.tex"
File: tikzlibrarytopaths.code.tex 2020/01/08 v3.1.5b (3.1.5b)
)))
("C:\Users\User\AppData\Local\Programs\MiKTeX 2.9\tex/latex/everypage\everypage
.sty"
Package: everypage 2007/06/20 1.1 Hooks to run on every page
)
("C:\Users\User\AppData\Local\Programs\MiKTeX 2.9\tex/latex/tools\afterpage.sty
"
Package: afterpage 2014/10/28 v1.08 After-Page Package (DPC)
\AP@output=\toks37
\AP@partial=\box61
\AP@footins=\box62
))
("C:\Users\User\AppData\Local\Programs\MiKTeX 2.9\tex/latex/natbib\natbib.sty"
Package: natbib 2010/09/13 8.31b (PWD, AO)
\bibhang=\skip69
\bibsep=\skip70
LaTeX Info: Redefining \cite on input line 694.
\c@NAT@ctr=\count293
) ("C:\Users\User\AppData\Local\Programs\MiKTeX 2.9\tex/latex/base\fontenc.sty"
Package: fontenc 2020/02/11 v2.0o Standard LaTeX package
LaTeX Font Info:    Trying to load font information for T1+txr on input line 11
2.

("C:\Users\User\AppData\Local\Programs\MiKTeX 2.9\tex/latex/txfonts\t1txr.fd"
File: t1txr.fd 2000/12/15 v3.1
)) ("C:\Users\User\AppData\Local\Programs\MiKTeX 2.9\tex/latex/lipsum\lipsum.st
y" ("C:\Users\User\AppData\Local\Programs\MiKTeX 2.9\tex/latex/l3kernel\expl3.s
ty"
Package: expl3 2020-02-14 L3 programming layer (loader) 

("C:\Users\User\AppData\Local\Programs\MiKTeX 2.9\tex/latex/l3backend\l3backend
-pdfmode.def"
File: l3backend-pdfmode.def 2020-02-03 L3 backend support: PDF mode
\l__kernel_color_stack_int=\count294
\l__pdf_internal_box=\box63
))
("C:\Users\User\AppData\Local\Programs\MiKTeX 2.9\tex/latex/l3packages/xparse\x
parse.sty"
Package: xparse 2020-02-14 L3 Experimental document command parser
\l__xparse_current_arg_int=\count295
\g__xparse_grabber_int=\count296
\l__xparse_m_args_int=\count297
\l__xparse_v_nesting_int=\count298
)
Package: lipsum 2019/01/02 v2.2 150 paragraphs of Lorem Ipsum dummy text

("C:\Users\User\AppData\Local\Programs\MiKTeX 2.9\tex/latex/lipsum\lipsum.ltd.t
ex"
File: lipsum.ltd.tex 2019/01/02 v2.2 The Lorem ipsum dummy text
))
("C:\Users\User\AppData\Local\Programs\MiKTeX 2.9\tex/latex/pdflscape\pdflscape
.sty"
Package: pdflscape 2019/12/05 v0.12 Display of landscape pages in PDF (HO)

("C:\Users\User\AppData\Local\Programs\MiKTeX 2.9\tex/latex/graphics\lscape.sty
"
Package: lscape 2000/10/22 v3.01 Landscape Pages (DPC)
)
Package pdflscape Info: Auto-detected driver: pdftex on input line 81.
)
("C:\Users\User\AppData\Local\Programs\MiKTeX 2.9\tex/latex/mathtools\mathtools
.sty"
Package: mathtools 2020/01/17 v1.23 mathematical typesetting tools

("C:\Users\User\AppData\Local\Programs\MiKTeX 2.9\tex/latex/mathtools\mhsetup.s
ty"
Package: mhsetup 2017/03/31 v1.3 programming setup (MH)
)
("C:\Users\User\AppData\Local\Programs\MiKTeX 2.9\tex/latex/amsmath\amsmath.sty
"
Package: amsmath 2020/01/20 v2.17e AMS math features
\@mathmargin=\skip71

For additional information on amsmath, use the `?' option.
("C:\Users\User\AppData\Local\Programs\MiKTeX 2.9\tex/latex/amsmath\amstext.sty
"
Package: amstext 2000/06/29 v2.01 AMS text
 ("C:\Users\User\AppData\Local\Programs\MiKTeX 2.9\tex/latex/amsmath\amsgen.sty
"
File: amsgen.sty 1999/11/30 v2.0 generic functions
\@emptytoks=\toks38
\ex@=\dimen277
))
("C:\Users\User\AppData\Local\Programs\MiKTeX 2.9\tex/latex/amsmath\amsbsy.sty"
Package: amsbsy 1999/11/29 v1.2d Bold Symbols
\pmbraise@=\dimen278
) ("C:\Users\User\AppData\Local\Programs\MiKTeX 2.9\tex/latex/amsmath\amsopn.st
y"
Package: amsopn 2016/03/08 v2.02 operator names
)
\inf@bad=\count299
LaTeX Info: Redefining \frac on input line 227.
\uproot@=\count300
\leftroot@=\count301
LaTeX Info: Redefining \overline on input line 389.
\classnum@=\count302
\DOTSCASE@=\count303
LaTeX Info: Redefining \ldots on input line 486.
LaTeX Info: Redefining \dots on input line 489.
LaTeX Info: Redefining \cdots on input line 610.
\Mathstrutbox@=\box64
\strutbox@=\box65
\big@size=\dimen279
LaTeX Font Info:    Redeclaring font encoding OML on input line 733.
LaTeX Font Info:    Redeclaring font encoding OMS on input line 734.
\macc@depth=\count304
\c@MaxMatrixCols=\count305
\dotsspace@=\muskip17
\c@parentequation=\count306
\dspbrk@lvl=\count307
\tag@help=\toks39
\row@=\count308
\column@=\count309
\maxfields@=\count310
\andhelp@=\toks40
\eqnshift@=\dimen280
\alignsep@=\dimen281
\tagshift@=\dimen282
\tagwidth@=\dimen283
\totwidth@=\dimen284
\lineht@=\dimen285
\@envbody=\toks41
\multlinegap=\skip72
\multlinetaggap=\skip73
\mathdisplay@stack=\toks42
LaTeX Info: Redefining \[ on input line 2859.
LaTeX Info: Redefining \] on input line 2860.
)
LaTeX Info: Thecontrolsequence`\('isalreadyrobust on input line 129.
LaTeX Info: Thecontrolsequence`\)'isalreadyrobust on input line 129.
LaTeX Info: Thecontrolsequence`\['isalreadyrobust on input line 129.
LaTeX Info: Thecontrolsequence`\]'isalreadyrobust on input line 129.
\g_MT_multlinerow_int=\count311
\l_MT_multwidth_dim=\dimen286
\origjot=\skip74
\l_MT_shortvdotswithinadjustabove_dim=\dimen287
\l_MT_shortvdotswithinadjustbelow_dim=\dimen288
\l_MT_above_intertext_sep=\dimen289
\l_MT_below_intertext_sep=\dimen290
\l_MT_above_shortintertext_sep=\dimen291
\l_MT_below_shortintertext_sep=\dimen292
)
("C:\Users\User\AppData\Local\Programs\MiKTeX 2.9\tex/latex/graphics\rotating.s
ty"
Package: rotating 2016/08/11 v2.16d rotated objects in LaTeX
\c@r@tfl@t=\count312
\rotFPtop=\skip75
\rotFPbot=\skip76
\rot@float@box=\box66
\rot@mess@toks=\toks43
)
("C:\Users\User\AppData\Local\Programs\MiKTeX 2.9\tex/latex/siunitx\siunitx.sty
"
Package: siunitx 2020/02/25 v2.8b A comprehensive (SI) units package
 ("C:\Users\User\AppData\Local\Programs\MiKTeX 2.9\tex/latex/tools\array.sty"
Package: array 2019/08/31 v2.4l Tabular extension package (FMi)
\col@sep=\dimen293
\ar@mcellbox=\box67
\extrarowheight=\dimen294
\NC@list=\toks44
\extratabsurround=\skip77
\backup@length=\skip78
\ar@cellbox=\box68
)
("C:\Users\User\AppData\Local\Programs\MiKTeX 2.9\tex/latex/l3packages/l3keys2e
\l3keys2e.sty"
Package: l3keys2e 2020-02-14 LaTeX2e option processing using LaTeX3 keys
)
\l__siunitx_tmp_box=\box69
\l__siunitx_tmp_dim=\dimen295
\l__siunitx_tmp_int=\count313
\l__siunitx_number_mantissa_length_int=\count314
\l__siunitx_number_uncert_length_int=\count315
\l__siunitx_round_int=\count316
\l__siunitx_process_decimal_int=\count317
\l__siunitx_process_uncertainty_int=\count318
\l__siunitx_process_fixed_int=\count319
\l__siunitx_process_integer_min_int=\count320
\l__siunitx_process_precision_int=\count321
\l__siunitx_group_min_int=\count322
\l__siunitx_angle_marker_box=\box70
\l__siunitx_angle_unit_box=\box71
\l__siunitx_angle_marker_dim=\dimen296
\l__siunitx_angle_unit_dim=\dimen297
\l__siunitx_unit_int=\count323
\l__siunitx_unit_denominator_int=\count324
\l__siunitx_unit_numerator_int=\count325
\l__siunitx_unit_prefix_int=\count326
\l__siunitx_unit_prefix_base_int=\count327
\l__siunitx_unit_prefix_gram_int=\count328
\l__siunitx_number_product_int=\count329
\c__siunitx_one_fill_skip=\skip79
\l__siunitx_table_unit_align_skip=\skip80
\l__siunitx_table_exponent_dim=\dimen298
\l__siunitx_table_integer_dim=\dimen299
\l__siunitx_table_mantissa_dim=\dimen300
\l__siunitx_table_marker_dim=\dimen301
\l__siunitx_table_result_dim=\dimen302
\l__siunitx_table_uncert_dim=\dimen303
\l__siunitx_table_fill_pre_dim=\dimen304
\l__siunitx_table_fill_post_dim=\dimen305
\l__siunitx_table_fill_mid_dim=\dimen306
\l__siunitx_table_pre_box=\box72
\l__siunitx_table_post_box=\box73
\l__siunitx_table_mantissa_box=\box74
\l__siunitx_table_result_box=\box75
\l__siunitx_table_number_align_skip=\skip81
\l__siunitx_table_text_align_skip=\skip82

("C:\Users\User\AppData\Local\Programs\MiKTeX 2.9\tex/latex/translator\translat
or.sty"
Package: translator 2019-05-31 v1.12a Easy translation of strings in LaTeX
))
("C:\Users\User\AppData\Local\Programs\MiKTeX 2.9\tex/latex/fancyvrb\fancyvrb.s
ty"
Package: fancyvrb 2020/01/13 v3.5 verbatim text (tvz,hv)
\FV@CodeLineNo=\count330
\FV@InFile=\read3
\FV@TabBox=\box76
\c@FancyVerbLine=\count331
\FV@StepNumber=\count332
\FV@OutFile=\write4
) (LonGThesis.aux)
\openout1 = `LonGThesis.aux'.

LaTeX Font Info:    Checking defaults for OML/txmi/m/it on input line 22.
LaTeX Font Info:    Trying to load font information for OML+txmi on input line 
22.

("C:\Users\User\AppData\Local\Programs\MiKTeX 2.9\tex/latex/txfonts\omltxmi.fd"
File: omltxmi.fd 2000/12/15 v3.1
)
LaTeX Font Info:    ... okay on input line 22.
LaTeX Font Info:    Checking defaults for OMS/txsy/m/n on input line 22.
LaTeX Font Info:    Trying to load font information for OMS+txsy on input line 
22.
 ("C:\Users\User\AppData\Local\Programs\MiKTeX 2.9\tex/latex/txfonts\omstxsy.fd
"
File: omstxsy.fd 2000/12/15 v3.1
)
LaTeX Font Info:    ... okay on input line 22.
LaTeX Font Info:    Checking defaults for OT1/cmr/m/n on input line 22.
LaTeX Font Info:    ... okay on input line 22.
LaTeX Font Info:    Checking defaults for T1/cmr/m/n on input line 22.
LaTeX Font Info:    ... okay on input line 22.
LaTeX Font Info:    Checking defaults for TS1/cmr/m/n on input line 22.
LaTeX Font Info:    ... okay on input line 22.
LaTeX Font Info:    Checking defaults for OMX/txex/m/n on input line 22.
LaTeX Font Info:    Trying to load font information for OMX+txex on input line 
22.

("C:\Users\User\AppData\Local\Programs\MiKTeX 2.9\tex/latex/txfonts\omxtxex.fd"
File: omxtxex.fd 2000/12/15 v3.1
)
LaTeX Font Info:    ... okay on input line 22.
LaTeX Font Info:    Checking defaults for U/txexa/m/n on input line 22.
LaTeX Font Info:    Trying to load font information for U+txexa on input line 2
2.
 ("C:\Users\User\AppData\Local\Programs\MiKTeX 2.9\tex/latex/txfonts\utxexa.fd"
File: utxexa.fd 2000/12/15 v3.1
)
LaTeX Font Info:    ... okay on input line 22.
LaTeX Font Info:    Checking defaults for PD1/pdf/m/n on input line 22.
LaTeX Font Info:    ... okay on input line 22.
\AtBeginShipoutBox=\box77
Package hyperref Info: Link coloring OFF on input line 22.

("C:\Users\User\AppData\Local\Programs\MiKTeX 2.9\tex/latex/hyperref\nameref.st
y"
Package: nameref 2019/09/16 v2.46 Cross-referencing by name of section

("C:\Users\User\AppData\Local\Programs\MiKTeX 2.9\tex/latex/refcount\refcount.s
ty"
Package: refcount 2019/12/15 v3.6 Data extraction from label references (HO)
)
("C:\Users\User\AppData\Local\Programs\MiKTeX 2.9\tex/generic/gettitlestring\ge
ttitlestring.sty"
Package: gettitlestring 2019/12/15 v1.6 Cleanup title references (HO)
)
\c@section@level=\count333
)
LaTeX Info: Redefining \ref on input line 22.
LaTeX Info: Redefining \pageref on input line 22.
LaTeX Info: Redefining \nameref on input line 22.
 (LonGThesis.out) (LonGThesis.out)
\@outlinefile=\write5
\openout5 = `LonGThesis.out'.


("C:\Users\User\AppData\Local\Programs\MiKTeX 2.9\tex/context/base/mkii\supp-pd
f.mkii"
[Loading MPS to PDF converter (version 2006.09.02).]
\scratchcounter=\count334
\scratchdimen=\dimen307
\scratchbox=\box78
\nofMPsegments=\count335
\nofMParguments=\count336
\everyMPshowfont=\toks45
\MPscratchCnt=\count337
\MPscratchDim=\dimen308
\MPnumerator=\count338
\makeMPintoPDFobject=\count339
\everyMPtoPDFconversion=\toks46
)
("C:\Users\User\AppData\Local\Programs\MiKTeX 2.9\tex/latex/epstopdf-pkg\epstop
df-base.sty"
Package: epstopdf-base 2020-01-24 v2.11 Base part for package epstopdf
Package epstopdf-base Info: Redefining graphics rule for `.eps' on input line 4
85.
)
*geometry* driver: auto-detecting
*geometry* detected driver: pdftex
*geometry* verbose mode - [ preamble ] result:
* driver: pdftex
* paper: <default>
* layout: <same size as paper>
* layoutoffset:(h,v)=(0.0pt,0.0pt)
* modes: twoside 
* h-part:(L,W,R)=(92.47145pt, 412.56497pt, 92.47145pt)
* v-part:(T,H,B)=(71.13188pt, 702.78308pt, 71.13188pt)
* \paperwidth=597.50787pt
* \paperheight=845.04684pt
* \textwidth=412.56497pt
* \textheight=702.78308pt
* \oddsidemargin=20.20146pt
* \evensidemargin=20.20146pt
* \topmargin=-33.0119pt
* \headheight=12.0pt
* \headsep=19.8738pt
* \topskip=12.0pt
* \footskip=30.0pt
* \marginparwidth=88.0pt
* \marginparsep=7.0pt
* \columnsep=10.0pt
* \skip\footins=10.8pt plus 4.0pt minus 2.0pt
* \hoffset=0.0pt
* \voffset=0.0pt
* \mag=1000
* \@twocolumnfalse
* \@twosidetrue
* \@mparswitchtrue
* \@reversemarginfalse
* (1in=72.27pt=25.4mm, 1cm=28.453pt)


LaTeX Warning: utmthesis: \title not defined in preamble on input line 22.


LaTeX Warning: utmthesis: \author not defined in preamble on input line 22.


LaTeX Warning: utmthesis: \degree not defined in preamble on input line 22.


LaTeX Warning: utmthesis: \specialization not defined in preamble on input line
 22.


LaTeX Warning: utmthesis: \specialization not defined in preamble on input line
 22.


LaTeX Warning: utmthesis: \award not defined in preamble on input line 22.


LaTeX Warning: utmthesis: \faculty not defined in preamble on input line 22.


LaTeX Warning: utmthesis: \titledate not defined in preamble on input line 22.


LaTeX Warning: utmthesis: \superone not defined in preamble on input line 22.

Package caption Info: Begin \AtBeginDocument code.
Package caption Info: rotating package is loaded.
Package caption Info: End \AtBeginDocument code.
\minlabelwidth=\skip83
ABD: EveryShipout initializing macros
("C:\Users\User\AppData\Local\Programs\MiKTeX 2.9\tex/latex/translator\translat
or-basic-dictionary-English.dict"
Dictionary: translator-basic-dictionary, Language: English 
)
("C:\Users\User\AppData\Local\Programs\MiKTeX 2.9\tex/latex/siunitx\siunitx-abb
reviations.cfg"
File: siunitx-abbreviations.cfg 2017/11/26 v2.7k siunitx: Abbreviated units
)
LaTeX Font Info:    Trying to load font information for OT1+txr on input line 2
2.

("C:\Users\User\AppData\Local\Programs\MiKTeX 2.9\tex/latex/txfonts\ot1txr.fd"
File: ot1txr.fd 2000/12/15 v3.1
)
LaTeX Font Info:    Trying to load font information for U+txmia on input line 2
2.
("C:\Users\User\AppData\Local\Programs\MiKTeX 2.9\tex/latex/txfonts\utxmia.fd"
File: utxmia.fd 2000/12/15 v3.1
)
LaTeX Font Info:    Trying to load font information for U+txsya on input line 2
2.
("C:\Users\User\AppData\Local\Programs\MiKTeX 2.9\tex/latex/txfonts\utxsya.fd"
File: utxsya.fd 2000/12/15 v3.1
)
LaTeX Font Info:    Trying to load font information for U+txsyb on input line 2
2.
("C:\Users\User\AppData\Local\Programs\MiKTeX 2.9\tex/latex/txfonts\utxsyb.fd"
File: utxsyb.fd 2000/12/15 v3.1
)
LaTeX Font Info:    Trying to load font information for U+txsyc on input line 2
2.
("C:\Users\User\AppData\Local\Programs\MiKTeX 2.9\tex/latex/txfonts\utxsyc.fd"
File: utxsyc.fd 2000/12/15 v3.1
)
LaTeX Font Info:    Trying to load font information for OT1+txss on input line 
22.
("C:\Users\User\AppData\Local\Programs\MiKTeX 2.9\tex/latex/txfonts\ot1txss.fd"
File: ot1txss.fd 2000/12/15 v3.1
)
LaTeX Font Info:    Font shape `OT1/txss/m/n' will be
(Font)              scaled to size 11.39996pt on input line 22.
LaTeX Font Info:    Font shape `OT1/txss/m/n' will be
(Font)              scaled to size 7.59998pt on input line 22.
LaTeX Font Info:    Font shape `OT1/txss/m/n' will be
(Font)              scaled to size 5.69998pt on input line 22.
LaTeX Font Info:    Trying to load font information for OT1+txtt on input line 
22.
 ("C:\Users\User\AppData\Local\Programs\MiKTeX 2.9\tex/latex/txfonts\ot1txtt.fd
"
File: ot1txtt.fd 2000/12/15 v3.1
) [1

{C:/Users/User/AppData/Local/MiKTeX/2.9/pdftex/config/pdftex.map}]

pdfTeX warning: pdflatex.exe (file ./figs/library-form.pdf): PDF inclusion: fou
nd PDF version <1.6>, but at most version <1.5> allowed
<figs/library-form.pdf, id=253, 597.63278pt x 844.75598pt>
File: figs/library-form.pdf Graphic file (type pdf)
<use figs/library-form.pdf>
Package pdftex.def Info: figs/library-form.pdf  used on input line 42.
(pdftex.def)             Requested size: 597.63132pt x 844.75392pt.


pdfTeX warning: pdflatex.exe (file ./figs/library-form.pdf): PDF inclusion: fou
nd PDF version <1.6>, but at most version <1.5> allowed
File: figs/library-form.pdf Graphic file (type pdf)
<use figs/library-form.pdf>
Package pdftex.def Info: figs/library-form.pdf  used on input line 42.
(pdftex.def)             Requested size: 597.63132pt x 844.75392pt.


pdfTeX warning: pdflatex.exe (file ./figs/library-form.pdf): PDF inclusion: fou
nd PDF version <1.6>, but at most version <1.5> allowed


pdfTeX warning: pdflatex.exe (file ./figs/library-form.pdf): PDF inclusion: fou
nd PDF version <1.6>, but at most version <1.5> allowed
<figs/library-form.pdf, id=256, page=1, 597.63278pt x 844.75598pt>
File: figs/library-form.pdf Graphic file (type pdf)
<use figs/library-form.pdf, page 1>
Package pdftex.def Info: figs/library-form.pdf , page1 used on input line 42.
(pdftex.def)             Requested size: 597.63132pt x 844.75392pt.
File: figs/library-form.pdf Graphic file (type pdf)
<use figs/library-form.pdf, page 1>
Package pdftex.def Info: figs/library-form.pdf , page1 used on input line 42.
(pdftex.def)             Requested size: 598.13286pt x 845.46286pt.
File: figs/library-form.pdf Graphic file (type pdf)
<use figs/library-form.pdf, page 1>
Package pdftex.def Info: figs/library-form.pdf , page1 used on input line 42.
(pdftex.def)             Requested size: 598.13286pt x 845.46286pt.
File: figs/library-form.pdf Graphic file (type pdf)
<use figs/library-form.pdf, page 1>
Package pdftex.def Info: figs/library-form.pdf , page1 used on input line 42.
(pdftex.def)             Requested size: 598.13286pt x 845.46286pt.
File: figs/library-form.pdf Graphic file (type pdf)
<use figs/library-form.pdf, page 1>
Package pdftex.def Info: figs/library-form.pdf , page1 used on input line 42.
(pdftex.def)             Requested size: 598.13286pt x 845.46286pt.
[2

 <./figs/library-form.pdf>] [3

] [1


]
LaTeX Font Info:    Font shape `T1/txr/b/n' in size <12> not available
(Font)              Font shape `T1/txr/bx/n' tried instead on input line 47.
 [2

] [3

] [4

] [5

] [6

] (LonGThesis.toc
[7

] [8])
\tf@toc=\write6
\openout6 = `LonGThesis.toc'.

 [9] (LonGThesis.lot)
\tf@lot=\write7
\openout7 = `LonGThesis.lot'.

 [10

] (LonGThesis.lof
Underfull \hbox (badness 1028) in paragraph at lines 13--13
 [][] [][]\T1/txr/m/n/12 Word2Vec train-ing model, adopted from []Mikolov \T1/t
xr/m/it/12 et al.[] 
 []


Underfull \hbox (badness 2221) in paragraph at lines 15--15
 [][] [][]\T1/txr/m/n/12 Performance of Para-graph Vec-tor (Doc2Vec) and other 

 []

[11

]
Underfull \hbox (badness 1215) in paragraph at lines 23--23
 [][] [][]\T1/txr/m/n/12 Limitation of stan-dard NER for only ex-tract-ing per-
son, 
 []

)
\tf@lof=\write8
\openout8 = `LonGThesis.lof'.

 [12] (LonGThesis.loabbre
Overfull \hbox (3.996pt too wide) in paragraph at lines 1--1
[]\T1/txr/m/n/12 -
 []


Overfull \hbox (3.996pt too wide) in paragraph at lines 2--2
[]\T1/txr/m/n/12 -
 []


Overfull \hbox (3.996pt too wide) in paragraph at lines 3--3
[]\T1/txr/m/n/12 -
 []


Overfull \hbox (3.996pt too wide) in paragraph at lines 4--4
[]\T1/txr/m/n/12 -
 []

)
\tf@loabbre=\write9
\openout9 = `LonGThesis.loabbre'.


Underfull \hbox (badness 10000) in paragraph at lines 1--87

 []

[13

] (LonGThesis.loapp)
\tf@loapp=\write10
\openout10 = `LonGThesis.loapp'.

 [14

]
CHAPTER 1.
[1


]
Underfull \hbox (badness 1383) in paragraph at lines 116--117
\T1/txr/m/n/12 oc-cur first on cause and fol-lowed by ef-fects. In SCS dis-pute
s, causal-ity is
 []

[2] [3]
Underfull \hbox (badness 1325) in paragraph at lines 134--135
[]\T1/txr/m/n/12 Mikolov \T1/txr/m/it/12 et al.[] \T1/txr/m/n/12 ([]2013b[]) ha
d pro-posed a state-of-art frame-work, Word2Vec for
 []

[4] [5]
Underfull \hbox (badness 3471) in paragraph at lines 157--158
[]\T1/txr/m/n/12 To com-pare sen-tence rep-re-sen-ta-tion al-go-rithm by com-pa
r-ing sen-tence
 []

[6] [7]
CHAPTER 2.
<./diagram/taxonomy.png, id=628, 419.76825pt x 288.47775pt>
File: ./diagram/taxonomy.png Graphic file (type png)
<use ./diagram/taxonomy.png>
Package pdftex.def Info: ./diagram/taxonomy.png  used on input line 193.
(pdftex.def)             Requested size: 412.56497pt x 283.5382pt.

Overfull \hbox (6.79999pt too wide) in paragraph at lines 193--194
 [][] 
 []

[8

] [9 <./diagram/taxonomy.png>] [10]
<./diagram/textMining.png, id=685, 351.714pt x 211.38976pt>
File: ./diagram/textMining.png Graphic file (type png)
<use ./diagram/textMining.png>
Package pdftex.def Info: ./diagram/textMining.png  used on input line 222.
(pdftex.def)             Requested size: 412.56497pt x 247.97978pt.

Overfull \hbox (6.79999pt too wide) in paragraph at lines 222--223
 [][] 
 []

[11 <./diagram/textMining.png>]
<diagram/Unstructured-Data-Examples.jpg, id=703, 253.44687pt x 221.82875pt>
File: diagram/Unstructured-Data-Examples.jpg Graphic file (type jpg)
<use diagram/Unstructured-Data-Examples.jpg>
Package pdftex.def Info: diagram/Unstructured-Data-Examples.jpg  used on input 
line 238.
(pdftex.def)             Requested size: 288.79422pt x 252.7723pt.
 [12] [13 <./diagram/Unstructured-Data-Examples.jpg>] [14] [15]
<diagram/feature_pivot.png, id=768, 814.242pt x 190.91325pt>
File: diagram/feature_pivot.png Graphic file (type png)
<use diagram/feature_pivot.png>
Package pdftex.def Info: diagram/feature_pivot.png  used on input line 277.
(pdftex.def)             Requested size: 371.30595pt x 87.06084pt.
<diagram/document_pivot.png, id=775, 668.4975pt x 166.82326pt>
File: diagram/document_pivot.png Graphic file (type png)
<use diagram/document_pivot.png>
Package pdftex.def Info: diagram/document_pivot.png  used on input line 287.
(pdftex.def)             Requested size: 371.30595pt x 92.66182pt.
 [16 <./diagram/feature_pivot.png>]
<diagram/eventRepresentation.png, id=791, 490.2315pt x 119.84775pt>
File: diagram/eventRepresentation.png Graphic file (type png)
<use diagram/eventRepresentation.png>
Package pdftex.def Info: diagram/eventRepresentation.png  used on input line 29
9.
(pdftex.def)             Requested size: 288.79422pt x 70.60349pt.
 [17 <./diagram/document_pivot.png> <./diagram/eventRepresentation.png>]
<diagram/linguisticPattern.png, id=801, 213.79875pt x 187.902pt>
File: diagram/linguisticPattern.png Graphic file (type png)
<use diagram/linguisticPattern.png>
Package pdftex.def Info: diagram/linguisticPattern.png  used on input line 314.

(pdftex.def)             Requested size: 330.05322pt x 290.09535pt.
<diagram/patternMatching.png, id=806, 762.4485pt x 196.3335pt>
File: diagram/patternMatching.png Graphic file (type png)
<use diagram/patternMatching.png>
Package pdftex.def Info: diagram/patternMatching.png  used on input line 322.
(pdftex.def)             Requested size: 412.56497pt x 106.2372pt.

Overfull \hbox (6.79999pt too wide) in paragraph at lines 322--323
 [][] 
 []

[18 <./diagram/linguisticPattern.png>]
Underfull \hbox (badness 2134) in paragraph at lines 330--331
[]\T1/txr/m/n/12 The im-por-tant dif-fer-ence be-tween pattern-matching based a
nd ma-chine
 []

<diagram/dependencyParsing.png, id=818, 177.66376pt x 48.78226pt>
File: diagram/dependencyParsing.png Graphic file (type png)
<use diagram/dependencyParsing.png>
Package pdftex.def Info: diagram/dependencyParsing.png  used on input line 338.

(pdftex.def)             Requested size: 330.05322pt x 90.62833pt.
[19 <./diagram/patternMatching.png>]
<diagram/extraction_machineLearning.png, id=825, 407.72325pt x 277.035pt>
File: diagram/extraction_machineLearning.png Graphic file (type png)
<use diagram/extraction_machineLearning.png>
Package pdftex.def Info: diagram/extraction_machineLearning.png  used on input 
line 346.
(pdftex.def)             Requested size: 412.56497pt x 280.32307pt.

Overfull \hbox (6.79999pt too wide) in paragraph at lines 346--347
 [][] 
 []

[20 <./diagram/dependencyParsing.png> <./diagram/extraction_machineLearning.png
>]
<diagram/bratAnnotation.png, id=835, 576.35326pt x 157.18726pt>
File: diagram/bratAnnotation.png Graphic file (type png)
<use diagram/bratAnnotation.png>
Package pdftex.def Info: diagram/bratAnnotation.png  used on input line 360.
(pdftex.def)             Requested size: 288.79422pt x 78.76132pt.
LaTeX Font Info:    Calculating math sizes for size <11> on input line 372.
LaTeX Font Info:    Font shape `OT1/txss/m/n' will be
(Font)              scaled to size 10.44997pt on input line 372.
LaTeX Font Info:    Font shape `OT1/txss/m/n' will be
(Font)              scaled to size 7.31494pt on input line 372.
LaTeX Font Info:    Font shape `OT1/txss/m/n' will be
(Font)              scaled to size 5.22498pt on input line 372.

Underfull \hbox (badness 10000) in paragraph at lines 376--376
[]|\T1/txr/m/n/11 ([]Valenzuela-
 []


Underfull \hbox (badness 10000) in paragraph at lines 376--376
\T1/txr/m/n/11 Escrcega
 []


Underfull \hbox (badness 10000) in paragraph at lines 376--376
[]|\T1/txr/m/n/11 Domain-independent
 []


Underfull \hbox (badness 10000) in paragraph at lines 376--376
\T1/txr/m/n/11 Rule-based Frame-work
 []


Underfull \hbox (badness 10000) in paragraph at lines 376--376
[]|\T1/txr/m/n/11 Pattern-
 []


Underfull \hbox (badness 1242) in paragraph at lines 378--378
[]|\T1/txr/m/n/11 Open do-main event ex-
 []


Underfull \hbox (badness 10000) in paragraph at lines 378--378
[]|\T1/txr/m/n/11 Machine
 []


Underfull \hbox (badness 3128) in paragraph at lines 380--380
[]|\T1/txr/m/n/11 ([]Wu \T1/txr/m/it/11 et al.[]\T1/txr/m/n/11 ,
 []


Underfull \hbox (badness 3803) in paragraph at lines 380--380
[]|\T1/txr/m/n/11 Event Time-line Ex-trac-
 []


Underfull \hbox (badness 10000) in paragraph at lines 380--380
[]|\T1/txr/m/n/11 Machine
 []


Underfull \hbox (badness 10000) in paragraph at lines 382--382
[]|\T1/txr/m/n/11 ([]Vossen
 []


Underfull \hbox (badness 10000) in paragraph at lines 382--382
[]|\T1/txr/m/n/11 Using knowl-edge
 []


Underfull \hbox (badness 10000) in paragraph at lines 382--382
\T1/txr/m/n/11 re-sources in cross-
 []


Underfull \hbox (badness 1168) in paragraph at lines 382--382
\T1/txr/m/n/11 lingual read-ing ma-chine
 []


Underfull \hbox (badness 10000) in paragraph at lines 382--382
[]|\T1/txr/m/n/11 Machine
 []


Underfull \hbox (badness 2941) in paragraph at lines 382--383
\T1/txr/m/n/11 and NLP im-prove-ment on a
 []


Underfull \hbox (badness 10000) in paragraph at lines 384--384
[]|\T1/txr/m/n/11 ([]Rospocher
 []


Underfull \hbox (badness 10000) in paragraph at lines 384--384
[]|\T1/txr/m/n/11 Building event-centric
 []


Underfull \hbox (badness 2460) in paragraph at lines 384--384
\T1/txr/m/n/11 knowl-edge graphs from
 []


Underfull \hbox (badness 1248) in paragraph at lines 384--385
[]|\T1/txr/m/n/11 Expert knowl-edge re-quired to
 []


Overfull \hbox (7.3208pt too wide) in paragraph at lines 372--388
[][] 
 []

[21 <./diagram/bratAnnotation.png>] [22]
<diagram/term_document_matrix.png, id=868, 536.0025pt x 327.2225pt>
File: diagram/term_document_matrix.png Graphic file (type png)
<use diagram/term_document_matrix.png>
Package pdftex.def Info: diagram/term_document_matrix.png  used on input line 4
04.
(pdftex.def)             Requested size: 288.79422pt x 176.30307pt.
 [23 <./diagram/term_document_matrix.png (PNG copy)>]
<diagram/word2vec.png, id=882, 532.389pt x 327.02174pt>
File: diagram/word2vec.png Graphic file (type png)
<use diagram/word2vec.png>
Package pdftex.def Info: diagram/word2vec.png  used on input line 419.
(pdftex.def)             Requested size: 288.79422pt x 177.39249pt.
 [24 <./diagram/word2vec.png>]
<diagram/doc2vec.png, id=898, 853.1875pt x 271.0125pt>
File: diagram/doc2vec.png Graphic file (type png)
<use diagram/doc2vec.png>
Package pdftex.def Info: diagram/doc2vec.png  used on input line 442.
(pdftex.def)             Requested size: 330.05322pt x 104.84256pt.
<diagram/doc2vec_performance.png, id=903, 160.1985pt x 74.679pt>
File: diagram/doc2vec_performance.png Graphic file (type png)
<use diagram/doc2vec_performance.png>
Package pdftex.def Info: diagram/doc2vec_performance.png  used on input line 45
1.
(pdftex.def)             Requested size: 330.05322pt x 153.86891pt.
 [25 <./diagram/doc2vec.png (PNG copy)>]
<diagram/infersent.png, id=915, 423.38174pt x 140.32425pt>
File: diagram/infersent.png Graphic file (type png)
<use diagram/infersent.png>
Package pdftex.def Info: diagram/infersent.png  used on input line 466.
(pdftex.def)             Requested size: 330.05322pt x 109.3925pt.
 [26 <./diagram/doc2vec_performance.png>]
Underfull \hbox (badness 1436) in paragraph at lines 471--472
[]\T1/txr/m/n/12 Due to In-ferSent's se-man-tic rep-re-sen-ta-tion, this re-sea
rch will be us-ing
 []


Underfull \hbox (badness 1824) in paragraph at lines 480--481
\T1/txr/m/n/12 in BERT, BERT have a high-est ac-cu-racy in Se-man-tic Text Sim-
i-lar-ity
 []

<diagram/bert.png, id=928, 681.747pt x 188.50426pt>
File: diagram/bert.png Graphic file (type png)
<use diagram/bert.png>
Package pdftex.def Info: diagram/bert.png  used on input line 484.
(pdftex.def)             Requested size: 371.30595pt x 102.66806pt.
[27 <./diagram/infersent.png>] [28 <./diagram/bert.png>]

LaTeX Warning: No positions in optional float specifier.
               Default added (so using `tbp') on input line 519.


Underfull \hbox (badness 10000) in paragraph at lines 542--542
[]|\T1/txr/bx/n/12 Advantages/
 []


Underfull \hbox (badness 6792) in paragraph at lines 542--542
[]|\T1/txr/m/n/12 ([]Letham \T1/txr/m/it/12 et al.[]\T1/txr/m/n/12 ,
 []


Underfull \hbox (badness 4048) in paragraph at lines 542--542
[]|\T1/txr/m/n/12 Sequential event
 []


Underfull \hbox (badness 10000) in paragraph at lines 542--542
[]|\T1/txr/m/n/12 Given a se-quence past
 []


Underfull \hbox (badness 10000) in paragraph at lines 542--542
\T1/txr/m/n/12 database to pre-dict next
 []


Underfull \hbox (badness 10000) in paragraph at lines 542--542
[]|\T1/txr/m/n/12 Temporal
 []


Underfull \hbox (badness 10000) in paragraph at lines 542--542
\T1/txr/m/n/12 sen-ti-ment
 []


Underfull \hbox (badness 10000) in paragraph at lines 542--542
\T1/txr/m/n/12 anal-y-sis and
 []


Underfull \hbox (badness 10000) in paragraph at lines 542--542
\T1/txr/m/n/12 causal rules
 []


Underfull \hbox (badness 10000) in paragraph at lines 542--542
\T1/txr/m/n/12 ex-trac-tion from
 []


Underfull \hbox (badness 1661) in paragraph at lines 542--542
\T1/txr/m/n/12 tweets for event
 []


Underfull \hbox (badness 3375) in paragraph at lines 542--542
[]|\T1/txr/m/n/12 Event pre-dic-tion based on
 []


Underfull \hbox (badness 10000) in paragraph at lines 542--542
\T1/txr/m/n/12 tem-po-ral sen-ti-ment and
 []


Underfull \hbox (badness 7925) in paragraph at lines 542--542
\T1/txr/m/n/12 are from the opin-ion of
 []


Underfull \hbox (badness 1796) in paragraph at lines 542--542
\T1/txr/m/n/12 is un-cer-tain and may
 []


Underfull \hbox (badness 10000) in paragraph at lines 542--542
[]|\T1/txr/m/n/12 ([]Ding \T1/txr/m/it/12 et al.[]\T1/txr/m/n/12 ,
 []


Underfull \hbox (badness 10000) in paragraph at lines 542--542
[]|\T1/txr/m/n/12 Depp learn-ing
 []


Underfull \hbox (badness 10000) in paragraph at lines 542--542
\T1/txr/m/n/12 on event-driven
 []


Underfull \hbox (badness 10000) in paragraph at lines 542--542
\T1/txr/m/n/12 stock mar-ket
 []


Underfull \hbox (badness 5036) in paragraph at lines 542--542
\T1/txr/m/n/12 vides pre-dic-tion based on
 []


Underfull \hbox (badness 10000) in paragraph at lines 542--542
[]|\T1/txr/m/n/12 Event
 []


Underfull \hbox (badness 5924) in paragraph at lines 542--542
\T1/txr/m/n/12 Pre-dic-tion us-ing
 []


Underfull \hbox (badness 10000) in paragraph at lines 542--542
\T1/txr/m/n/12 Com-po-si-tional
 []


Underfull \hbox (badness 10000) in paragraph at lines 542--542
\T1/txr/m/n/12 Neu-ral Net-work
 []


Underfull \hbox (badness 1838) in paragraph at lines 542--542
[]|\T1/txr/m/n/12 Use word2vec to rep-re-sent
 []


Underfull \hbox (badness 10000) in paragraph at lines 542--542
[]|\T1/txr/m/n/12 Narrative event
 []


Underfull \hbox (badness 10000) in paragraph at lines 542--542
\T1/txr/m/n/12 evo-lu-tion-ary
 []


Underfull \hbox (badness 10000) in paragraph at lines 542--542
\T1/txr/m/n/12 graph (NEGG)
 []


Underfull \hbox (badness 4913) in paragraph at lines 542--542
\T1/txr/m/n/12 for script event
 []


Underfull \hbox (badness 5274) in paragraph at lines 542--542
\T1/txr/m/n/12 from news-pa-per and con-
 []


Underfull \hbox (badness 1466) in paragraph at lines 542--542
\T1/txr/m/n/12 struct NEEG based on the
 []


Underfull \hbox (badness 10000) in paragraph at lines 542--542
[]|\T1/txr/m/n/12 ([]Rumi \T1/txr/m/it/12 et al.[]\T1/txr/m/n/12 ,
 []


Underfull \hbox (badness 10000) in paragraph at lines 542--542
[]|\T1/txr/m/n/12 Crime event
 []


Underfull \hbox (badness 10000) in paragraph at lines 542--542
\T1/txr/m/n/12 pre-dic-tion with
 []


Underfull \hbox (badness 10000) in paragraph at lines 542--542
\T1/txr/m/n/12 and ma-trix
 []


Underfull \hbox (badness 4556) in paragraph at lines 542--542
[]|\T1/txr/m/n/12 Dynamic fea-tures such as
 []


Underfull \hbox (badness 2521) in paragraph at lines 542--542
\T1/txr/m/n/12 vis-i-tor en-tropy, vis-i-tor ho-
 []


Underfull \hbox (badness 10000) in paragraph at lines 542--542
[]|\T1/txr/m/n/12 ([]Dami \T1/txr/m/it/12 et al.[]\T1/txr/m/n/12 ,
 []


Underfull \hbox (badness 10000) in paragraph at lines 542--542
[]|\T1/txr/m/n/12 News events
 []


Underfull \hbox (badness 7796) in paragraph at lines 542--542
\T1/txr/m/n/12 pre-dic-tion us-ing
 []


Underfull \hbox (badness 10000) in paragraph at lines 542--542
\T1/txr/m/n/12 Markov logic
 []


Underfull \hbox (badness 1406) in paragraph at lines 542--542
[]|\T1/txr/m/n/12 Markov logic net-work rep-
 []


Underfull \hbox (badness 6110) in paragraph at lines 542--542
\T1/txr/m/n/12 re-sent com-plex events by
 []


Underfull \hbox (badness 1215) in paragraph at lines 542--542
\T1/txr/m/n/12 with domain-specific causal
 []


Underfull \hbox (badness 3029) in paragraph at lines 542--542
\T1/txr/m/n/12 rule must be cre-ated
 []

[29] [30] [31] [32]
CHAPTER 3.
<diagram/Research Framework.png, id=1018, 330.033pt x 451.6875pt>
File: diagram/Research Framework.png Graphic file (type png)
<use diagram/Research Framework.png>
Package pdftex.def Info: diagram/Research Framework.png  used on input line 584
.
(pdftex.def)             Requested size: 412.5654pt x 632.58562pt.
[33

] [34 <./diagram/Research Framework.png>]
Underfull \hbox (badness 3088) in paragraph at lines 593--594
[]\T1/txr/m/n/12 In phase 2, ab-stract causal-ity net-work will be gen-er-ated.
 <Cause,
 []

[35]

LaTeX Warning: No positions in optional float specifier.
               Default added (so using `tbp') on input line 599.

LaTeX Font Info:    Font shape `OT1/txss/m/n' will be
(Font)              scaled to size 10.40245pt on input line 666.

Underfull \hbox (badness 1028) in paragraph at lines 666--666
[]|\T1/txr/m/n/10.95 Performance Mea-
 []


Underfull \hbox (badness 10000) in paragraph at lines 666--666
\T1/txr/m/n/10.95 ef-fect> causal-ity
 []


Underfull \hbox (badness 10000) in paragraph at lines 666--666
\T1/txr/m/n/10.95 pairs from news
 []


Underfull \hbox (badness 8038) in paragraph at lines 666--666
\T1/txr/m/n/10.95 ar-ti-cles in South
 []


Underfull \hbox (badness 10000) in paragraph at lines 666--666
[]|\T1/txr/m/n/10.95 How to ob-tain
 []


Underfull \hbox (badness 1616) in paragraph at lines 666--666
\T1/txr/m/n/10.95 use-ful in-for-ma-tion
 []


Underfull \hbox (badness 2057) in paragraph at lines 666--666
\T1/txr/m/n/10.95 from news ar-ti-cle
 []


Underfull \hbox (badness 10000) in paragraph at lines 666--666
\T1/txr/m/n/10.95 that re-lated to
 []


Underfull \hbox (badness 5316) in paragraph at lines 666--666
\T1/txr/m/n/10.95 South China Sea
 []

LaTeX Font Info:    Trying to load font information for TS1+txr on input line 6
66.
("C:\Users\User\AppData\Local\Programs\MiKTeX 2.9\tex/latex/txfonts\ts1txr.fd"
File: ts1txr.fd 2000/12/15 v3.1
)
Underfull \hbox (badness 1132) in paragraph at lines 666--666
[]\T1/txr/m/n/10.95 Build news ar-ti-
 []


Underfull \hbox (badness 1902) in paragraph at lines 666--666
[]\T1/txr/m/n/10.95 Extract causal-ity
 []


Underfull \hbox (badness 1320) in paragraph at lines 666--666
\T1/txr/m/n/10.95 pairs of <cause,
 []


Underfull \hbox (badness 10000) in paragraph at lines 666--666
\T1/txr/m/n/10.95 ef-fect> us-ing
 []


Underfull \hbox (badness 10000) in paragraph at lines 666--666
\T1/txr/m/n/10.95 causal-ity
 []


Underfull \hbox (badness 10000) in paragraph at lines 666--666
\T1/txr/m/n/10.95 on tem-plate
 []


Underfull \hbox (badness 10000) in paragraph at lines 666--666
\T1/txr/m/n/10.95 of <Pat-tern,
 []


Underfull \hbox (badness 10000) in paragraph at lines 666--666
\T1/txr/m/n/10.95 Con-straints,
 []


Underfull \hbox (badness 10000) in paragraph at lines 666--666
[]\T1/txr/m/n/10.95 News ar-ti-cle
 []


Underfull \hbox (badness 2443) in paragraph at lines 666--666
\T1/txr/m/n/10.95 on South China
 []


Underfull \hbox (badness 10000) in paragraph at lines 666--666
\T1/txr/m/n/10.95 Sea con-flict
 []


Underfull \hbox (badness 10000) in paragraph at lines 666--666
\T1/txr/m/n/10.95 within Viet-nam
 []


Underfull \hbox (badness 10000) in paragraph at lines 666--666
\T1/txr/m/n/10.95 and China is
 []


Underfull \hbox (badness 10000) in paragraph at lines 666--666
\T1/txr/m/n/10.95 ex-tracted and
 []


Underfull \hbox (badness 10000) in paragraph at lines 666--666
\T1/txr/m/n/10.95 cre-ated news
 []


Underfull \hbox (badness 10000) in paragraph at lines 666--666
\T1/txr/m/n/10.95 and rep-re-sented
 []


Underfull \hbox (badness 10000) in paragraph at lines 666--666
\T1/txr/m/n/10.95 in <cause,
 []


Underfull \hbox (badness 2564) in paragraph at lines 666--666
\T1/txr/m/n/10.95 ef-fect> causal-ity
 []


Underfull \hbox (badness 6978) in paragraph at lines 666--666
[]|\T1/txr/m/n/10.95 Make sure event
 []


Underfull \hbox (badness 10000) in paragraph at lines 666--666
[]|\T1/txr/m/n/10.95 To ex-tract
 []


Underfull \hbox (badness 10000) in paragraph at lines 666--666
\T1/txr/m/n/10.95 all im-por-tant
 []


Underfull \hbox (badness 10000) in paragraph at lines 666--666
\T1/txr/m/n/10.95 in-for-ma-tion from
 []


Underfull \hbox (badness 1867) in paragraph at lines 666--666
\T1/txr/m/n/10.95 causal-ity pairs by
 []


Underfull \hbox (badness 10000) in paragraph at lines 666--666
\T1/txr/m/n/10.95 us-ing verb-noun
 []


Underfull \hbox (badness 10000) in paragraph at lines 666--666
\T1/txr/m/n/10.95 rep-re-sen-ta-tion as
 []


Underfull \hbox (badness 10000) in paragraph at lines 666--666
\T1/txr/m/n/10.95 well as dis-cover
 []


Underfull \hbox (badness 10000) in paragraph at lines 666--666
\T1/txr/m/n/10.95 gen-eral pat-terns
 []


Underfull \hbox (badness 4391) in paragraph at lines 666--666
\T1/txr/m/n/10.95 and clus-ter event
 []


Underfull \hbox (badness 10000) in paragraph at lines 666--666
[]\T1/txr/m/n/10.95 Extract all
 []


Underfull \hbox (badness 10000) in paragraph at lines 666--666
\T1/txr/m/n/10.95 the im-por-tant
 []


Underfull \hbox (badness 10000) in paragraph at lines 666--666
\T1/txr/m/n/10.95 in-for-ma-tion
 []


Underfull \hbox (badness 10000) in paragraph at lines 666--666
\T1/txr/m/n/10.95 within causal-ity
 []


Underfull \hbox (badness 10000) in paragraph at lines 666--666
\T1/txr/m/n/10.95 pairs by us-ing
 []


Underfull \hbox (badness 10000) in paragraph at lines 666--666
\T1/txr/m/n/10.95 verb-noun
 []


Underfull \hbox (badness 10000) in paragraph at lines 666--666
\T1/txr/m/n/10.95 verb and noun
 []


Underfull \hbox (badness 10000) in paragraph at lines 666--666
\T1/txr/m/n/10.95 with Word-Net
 []


Underfull \hbox (badness 5359) in paragraph at lines 666--666
\T1/txr/m/n/10.95 in-for-ma-tion will
 []


Underfull \hbox (badness 10000) in paragraph at lines 666--666
\T1/txr/m/n/10.95 be kept while
 []


Underfull \hbox (badness 10000) in paragraph at lines 666--666
\T1/txr/m/n/10.95 elim-i-nat-ing
 []


Underfull \hbox (badness 10000) in paragraph at lines 666--666
\T1/txr/m/n/10.95 un-used
 []


Underfull \hbox (badness 10000) in paragraph at lines 666--666
[]\T1/txr/m/n/10.95 All in-for-ma-tion
 []


Underfull \hbox (badness 10000) in paragraph at lines 666--666
\T1/txr/m/n/10.95 is gen-er-alised
 []


Underfull \hbox (badness 10000) in paragraph at lines 666--666
\T1/txr/m/n/10.95 to pro-duce
 []


Underfull \hbox (badness 10000) in paragraph at lines 666--666
\T1/txr/m/n/10.95 a gen-eral,
 []


Underfull \hbox (badness 10000) in paragraph at lines 666--666
\T1/txr/m/n/10.95 fre-quent and
 []


Underfull \hbox (badness 7116) in paragraph at lines 666--666
\T1/txr/m/n/10.95 sim-ple causal-ity
 []


Underfull \hbox (badness 1048) in paragraph at lines 666--666
[]|\T1/txr/m/n/10.95 Visualise causal-ity
 []


Underfull \hbox (badness 10000) in paragraph at lines 666--666
\T1/txr/m/n/10.95 ab-stract causal-ity
 []


Underfull \hbox (badness 10000) in paragraph at lines 666--666
\T1/txr/m/n/10.95 net-work with
 []


Underfull \hbox (badness 10000) in paragraph at lines 666--666
\T1/txr/m/n/10.95 fre-quently co-
 []


Underfull \hbox (badness 10000) in paragraph at lines 666--666
\T1/txr/m/n/10.95 occurring word
 []


Underfull \hbox (badness 2762) in paragraph at lines 666--666
\T1/txr/m/n/10.95 em-bed the model
 []


Underfull \hbox (badness 2753) in paragraph at lines 666--666
\T1/txr/m/n/10.95 into a con-tin-u-ous
 []


Underfull \hbox (badness 10000) in paragraph at lines 666--666
[]\T1/txr/m/n/10.95 Build ab-stract
 []


Underfull \hbox (badness 10000) in paragraph at lines 666--666
\T1/txr/m/n/10.95 with fre-quently
 []


Underfull \hbox (badness 10000) in paragraph at lines 666--666
\T1/txr/m/n/10.95 co-occurring
 []


Underfull \hbox (badness 10000) in paragraph at lines 666--666
\T1/txr/m/n/10.95 word paris
 []


Underfull \hbox (badness 2799) in paragraph at lines 666--666
[]\T1/txr/m/n/10.95 Embed causal-ity
 []


Underfull \hbox (badness 10000) in paragraph at lines 666--666
\T1/txr/m/n/10.95 net-work with
 []


Underfull \hbox (badness 10000) in paragraph at lines 666--666
\T1/txr/m/n/10.95 Dual-CET
 []


Underfull \hbox (badness 10000) in paragraph at lines 666--666
\T1/txr/m/n/10.95 and able to
 []


Underfull \hbox (badness 4013) in paragraph at lines 666--666
\T1/txr/m/n/10.95 gen-er-ate gen-eral
 []


Underfull \hbox (badness 5388) in paragraph at lines 666--666
\T1/txr/m/n/10.95 pre-dicted out-put
 []


Underfull \hbox (badness 1009) in paragraph at lines 666--666
\T1/txr/m/n/10.95 dic-tion model is
 []


Underfull \hbox (badness 10000) in paragraph at lines 666--666
[]|\T1/txr/m/n/10.95 Examine
 []


Underfull \hbox (badness 10000) in paragraph at lines 666--666
\T1/txr/m/n/10.95 pre-dic-tion model
 []


Underfull \hbox (badness 10000) in paragraph at lines 666--666
\T1/txr/m/n/10.95 by per-form-ing
 []


Underfull \hbox (badness 7649) in paragraph at lines 666--666
\T1/txr/m/n/10.95 sev-eral eval-u-a-tion
 []


Underfull \hbox (badness 7064) in paragraph at lines 666--666
\T1/txr/m/n/10.95 cri-te-rion such as
 []


Underfull \hbox (badness 10000) in paragraph at lines 666--666
\T1/txr/m/n/10.95 neigh-bours,
 []


Underfull \hbox (badness 10000) in paragraph at lines 666--666
\T1/txr/m/n/10.95 Jac-card's
 []

[36] [37] [38]
<diagram/vietnamNews.png, id=1053, 876.876pt x 479.391pt>
File: diagram/vietnamNews.png Graphic file (type png)
<use diagram/vietnamNews.png>
Package pdftex.def Info: diagram/vietnamNews.png  used on input line 723.
(pdftex.def)             Requested size: 412.56497pt x 225.55519pt.

Overfull \hbox (6.79999pt too wide) in paragraph at lines 723--724
 [][] 
 []

[39]
<diagram/chinaNews.png, id=1060, 872.058pt x 476.982pt>
File: diagram/chinaNews.png Graphic file (type png)
<use diagram/chinaNews.png>
Package pdftex.def Info: diagram/chinaNews.png  used on input line 730.
(pdftex.def)             Requested size: 412.56497pt x 225.65903pt.

Overfull \hbox (6.79999pt too wide) in paragraph at lines 730--731
 [][] 
 []

[40 <./diagram/vietnamNews.png> <./diagram/chinaNews.png>]
<diagram/confusionMatrix.png, id=1067, 522.753pt x 187.29974pt>
File: diagram/confusionMatrix.png Graphic file (type png)
<use diagram/confusionMatrix.png>
Package pdftex.def Info: diagram/confusionMatrix.png  used on input line 743.
(pdftex.def)             Requested size: 288.79422pt x 103.47244pt.
 [41 <./diagram/confusionMatrix.png>] [42]
CHAPTER 4.
<diagram/phase1 steps.png, id=1080, 497.4585pt x 78.89474pt>
File: diagram/phase1 steps.png Graphic file (type png)
<use diagram/phase1 steps.png>
Package pdftex.def Info: diagram/phase1 steps.png  used on input line 779.
(pdftex.def)             Requested size: 330.05322pt x 52.34634pt.

Underfull \hbox (badness 1097) in paragraph at lines 776--782
[]\T1/txr/m/n/12 In phase 1, text pre-pro-cess-ing will be the pri-mary work. P
ur-pose of
 []

<diagram/spacy4.png, id=1081, 552.26324pt x 179.4705pt>
File: diagram/spacy4.png Graphic file (type png)
<use diagram/spacy4.png>
Package pdftex.def Info: diagram/spacy4.png  used on input line 788.
(pdftex.def)             Requested size: 412.56497pt x 134.074pt.

Overfull \hbox (6.79999pt too wide) in paragraph at lines 788--789
 [][] 
 []

[43

 <./diagram/phase1 steps.png>]
<diagram/annotation.png, id=1087, 843.15pt x 102.98476pt>
File: diagram/annotation.png Graphic file (type png)
<use diagram/annotation.png>
Package pdftex.def Info: diagram/annotation.png  used on input line 798.
(pdftex.def)             Requested size: 412.56497pt x 50.39224pt.

Overfull \hbox (6.79999pt too wide) in paragraph at lines 798--799
 [][] 
 []

<diagram/annotationResult.png, id=1088, 261.3765pt x 265.59225pt>
File: diagram/annotationResult.png Graphic file (type png)
<use diagram/annotationResult.png>
Package pdftex.def Info: diagram/annotationResult.png  used on input line 806.
(pdftex.def)             Requested size: 371.30595pt x 377.29355pt.
[44 <./diagram/spacy4.png> <./diagram/annotation.png>] [45 <./diagram/annotatio
nResult.png>] [46]
CHAPTER 5.
[47

] (LonGThesis.bbl [48]
Underfull \hbox (badness 1082) in paragraph at lines 35--39
[]\T1/txr/m/n/12 Asim, K., Martnez-lvarez, F., Ba-sit, A. and Iqbal, T. (2017
).  Earth-quake
 []

LaTeX Font Info:    Trying to load font information for T1+txtt on input line 4
4.
("C:\Users\User\AppData\Local\Programs\MiKTeX 2.9\tex/latex/txfonts\t1txtt.fd"
File: t1txtt.fd 2000/12/15 v3.1
)
Underfull \hbox (badness 10000) in paragraph at lines 41--45
[]\T1/txr/m/n/12 Baker, J. (2019).  \T1/txr/m/it/12 Ma-chine Learn-ing Ver-sus 
The News\T1/txr/m/n/12 .
 []


Underfull \hbox (badness 10000) in paragraph at lines 41--45
\T1/txr/m/n/12 Re-triev-able at []$\T1/txtt/m/n/12 https : / / towardsdatascien
ce . com /
 []


Underfull \hbox (badness 10000) in paragraph at lines 67--71
[]\T1/txr/m/n/12 Bell, B. (2016).  \T1/txr/m/it/12 The Road to Pre-dic-tion: Us
-ing Un-struc-tured
 []


Underfull \hbox (badness 10000) in paragraph at lines 67--71
\T1/txr/m/it/12 Data\T1/txr/m/n/12 .  Re-triev-able at []$\T1/txtt/m/n/12 https
 : / / www . dataversity . net /
 []


Underfull \hbox (badness 10000) in paragraph at lines 79--84
[]\T1/txr/m/n/12 Casert, R. (2016).  \T1/txr/m/it/12 Bel-gium ramps up se-cu-ri
ty for lone sus-pect in
 []


Underfull \hbox (badness 10000) in paragraph at lines 79--84
\T1/txr/m/it/12 Jew-ish Mu-seum at-tack\T1/txr/m/n/12 .  Re-triev-able at []$\T
1/txtt/m/n/12 https : / / archive . is /
 []


Underfull \hbox (badness 10000) in paragraph at lines 79--84
\T1/txtt/m/n/12 20140527190719 / http : / / www . theglobeandmail . com / news 
/ world /
 []


Overfull \hbox (31.58408pt too wide) in paragraph at lines 79--84
\T1/txtt/m/n/12 police-[]hunt-[]brussels-[]jewish-[]museum-[]shooter-[]france-[
]tightens-[]security /
 []

[49


]
Underfull \hbox (badness 10000) in paragraph at lines 92--96
[]\T1/txr/m/n/12 ChinaPower (2016).  \T1/txr/m/it/12 How much trade tran-sits t
he South China
 []


Underfull \hbox (badness 10000) in paragraph at lines 92--96
\T1/txr/m/it/12 Sea?  \T1/txr/m/n/12 Re-triev-able at []$\T1/txtt/m/n/12 https 
: / / chinapower . csis . org /
 []


Underfull \hbox (badness 1997) in paragraph at lines 129--133
[]\T1/txr/m/n/12 D.Goltz, J. (2018).  \T1/txr/m/it/12 Earth-quake ad-vi-sories 
can save lives\T1/txr/m/n/12 .  Re-triev-able at
 []


Underfull \hbox (badness 10000) in paragraph at lines 129--133
[]$\T1/txtt/m/n/12 https : / / www . japantimes . co . jp / opinion / 2018 / 04
 / 17 / commentary /
 []


Underfull \hbox (badness 10000) in paragraph at lines 129--133
\T1/txtt/m/n/12 japan-[]commentary / earthquake-[]advisories-[]can-[]save-[]liv
es / # .
 []

[50]
Underfull \hbox (badness 10000) in paragraph at lines 162--167
[]\T1/txr/m/n/12 Fensom, A. (2016).  $5 Tril-lion Melt-down - What If China
 []


Underfull \hbox (badness 10000) in paragraph at lines 162--167
\T1/txr/m/n/12 Shuts Down the South China Sea? \T1/txr/m/it/12 The Na-tional In
-ter-est\T1/txr/m/n/12 .
 []


Underfull \hbox (badness 10000) in paragraph at lines 162--167
\T1/txr/m/n/12 Re-triev-able at []$\T1/txtt/m/n/12 https : / / nationalinterest
 . org / blog /
 []


Overfull \hbox (23.4841pt too wide) in paragraph at lines 162--167
\T1/txtt/m/n/12 5-[]trillion-[]meltdown-[]what-[]if-[]china-[]shuts-[]down-[]th
e-[]south-[]china-[]16996$[]\T1/txr/m/n/12 . 
 []

[51] [52] [53]
Underfull \hbox (badness 1259) in paragraph at lines 457--464
\T1/txr/m/n/12 for stock mar-ket pre-dic-tion from fi-nan-cial news ar-ti-cles.
   In \T1/txr/m/it/12 2017 IEEE
 []

[54]) [55]
Appendix A.
Package hyperref Info: bookmark level for unknown appendix defaults to 0 on inp
ut line 839.
<diagram/Thesis Gantt Chart NEW.png, id=1174, 1043.9pt x 804.00375pt>
File: diagram/Thesis Gantt Chart NEW.png Graphic file (type png)
<use diagram/Thesis Gantt Chart NEW.png>
Package pdftex.def Info: diagram/Thesis Gantt Chart NEW.png  used on input line
 842.
(pdftex.def)             Requested size: 1043.89745pt x 804.0018pt.
[56

 <./diagram/Thesis Gantt Chart NEW.png>]
Package atveryend Info: Empty hook `BeforeClearDocument' on input line 848.
Package atveryend Info: Empty hook `AfterLastShipout' on input line 848.
 (LonGThesis.aux)
Package atveryend Info: Empty hook `AtVeryEndDocument' on input line 848.
Package atveryend Info: Executing hook `AtEndAfterFileList' on input line 848.
Package rerunfilecheck Info: File `LonGThesis.out' has not changed.
(rerunfilecheck)             Checksum: EB830DAD3527B9EC0FDDBE116514223B;3655.
Package atveryend Info: Empty hook `AtVeryVeryEnd' on input line 848.
 ) 
Here is how much of TeX's memory you used:
 26873 strings out of 481556
 518562 string characters out of 2914337
 837699 words of memory out of 3000000
 41231 multiletter control sequences out of 15000+200000
 598879 words of font info for 153 fonts, out of 3000000 for 9000
 1141 hyphenation exceptions out of 8191
 68i,18n,77p,2233b,1028s stack positions out of 5000i,500n,10000p,200000b,50000s
{C:/Users/User/AppData/Local/Programs/MiKTeX 2.9/fonts/enc/dvips/base/8r.enc}
<C:/Users/User/AppData/Local/Programs/MiKTeX 2.9/fonts/type1/public/txfonts/rtc
xr.pfb><C:/Users/User/AppData/Local/Programs/MiKTeX 2.9/fonts/type1/public/txfo
nts/rtxb.pfb><C:/Users/User/AppData/Local/Programs/MiKTeX 2.9/fonts/type1/publi
c/txfonts/rtxi.pfb><C:/Users/User/AppData/Local/Programs/MiKTeX 2.9/fonts/type1
/public/txfonts/rtxmi.pfb><C:/Users/User/AppData/Local/Programs/MiKTeX 2.9/font
s/type1/public/txfonts/rtxr.pfb><C:/Users/User/AppData/Local/Programs/MiKTeX 2.
9/fonts/type1/public/txfonts/t1xtt.pfb><C:/Users/User/AppData/Local/Programs/Mi
KTeX 2.9/fonts/type1/public/txfonts/txsy.pfb><C:/Users/User/AppData/Local/Progr
ams/MiKTeX 2.9/fonts/type1/urw/times/utmb8a.pfb><C:/Users/User/AppData/Local/Pr
ograms/MiKTeX 2.9/fonts/type1/urw/times/utmr8a.pfb><C:/Users/User/AppData/Local
/Programs/MiKTeX 2.9/fonts/type1/urw/times/utmri8a.pfb>
Output written on LonGThesis.pdf (73 pages, 1792790 bytes).
PDF statistics:
 1283 PDF objects out of 1440 (max. 8388607)
 299 named destinations out of 1000 (max. 500000)
 643 words of extra memory for PDF output out of 10000 (max. 10000000)

