\BOOKMARK [1][-]{pre:coverpage.1}{COVER PAGE}{}% 1
\BOOKMARK [1][-]{pre:declareform.1}{PSZ FORM}{}% 2
\BOOKMARK [1][-]{pre:svdeclaration.1}{SUPERVISOR\(S\) DECLARATION}{}% 3
\BOOKMARK [1][-]{pre:titlepage.1}{TITLE PAGE}{}% 4
\BOOKMARK [0][-]{section*.6}{ DECLARATION}{}% 5
\BOOKMARK [0][-]{section*.8}{ DEDICATION}{}% 6
\BOOKMARK [0][-]{section*.10}{ ACKNOWLEDGEMENT}{}% 7
\BOOKMARK [0][-]{section*.12}{ ABSTRACT}{}% 8
\BOOKMARK [0][-]{section*.14}{ ABSTRAK}{}% 9
\BOOKMARK [0][-]{section*.16}{ TABLE OF CONTENTS}{}% 10
\BOOKMARK [0][-]{section*.18}{ LIST OF TABLES}{}% 11
\BOOKMARK [0][-]{section*.20}{ LIST OF FIGURES}{}% 12
\BOOKMARK [0][-]{section*.22}{ LIST OF ABBREVIATIONS}{}% 13
\BOOKMARK [0][-]{section*.24}{ LIST OF APPENDICES}{}% 14
\BOOKMARK [0][-]{chapter.1}{Introduction}{}% 15
\BOOKMARK [1][-]{section.1.1}{Overview}{chapter.1}% 16
\BOOKMARK [1][-]{section.1.2}{Problem Background}{chapter.1}% 17
\BOOKMARK [1][-]{section.1.3}{Problem Statement}{chapter.1}% 18
\BOOKMARK [1][-]{section.1.4}{Aim/Purpose of Study}{chapter.1}% 19
\BOOKMARK [1][-]{section.1.5}{Research Question}{chapter.1}% 20
\BOOKMARK [1][-]{section.1.6}{Objective}{chapter.1}% 21
\BOOKMARK [1][-]{section.1.7}{Scope}{chapter.1}% 22
\BOOKMARK [1][-]{section.1.8}{Significant of Study}{chapter.1}% 23
\BOOKMARK [1][-]{section.1.9}{Organisation of Study}{chapter.1}% 24
\BOOKMARK [0][-]{chapter.2}{Literature Review}{}% 25
\BOOKMARK [1][-]{section.2.1}{Introduction}{chapter.2}% 26
\BOOKMARK [1][-]{section.2.2}{Event Prediction}{chapter.2}% 27
\BOOKMARK [1][-]{section.2.3}{South China Sea Conflict}{chapter.2}% 28
\BOOKMARK [1][-]{section.2.4}{Text Mining}{chapter.2}% 29
\BOOKMARK [2][-]{subsection.2.4.1}{Types of Data}{section.2.4}% 30
\BOOKMARK [2][-]{subsection.2.4.2}{Event Relation}{section.2.4}% 31
\BOOKMARK [2][-]{subsection.2.4.3}{Event Detection}{section.2.4}% 32
\BOOKMARK [2][-]{subsection.2.4.4}{Event Extraction}{section.2.4}% 33
\BOOKMARK [2][-]{subsection.2.4.5}{Event Representation}{section.2.4}% 34
\BOOKMARK [1][-]{section.2.5}{Prediction Model Technique}{chapter.2}% 35
\BOOKMARK [2][-]{subsection.2.5.1}{Sequential Prediction Algorithm}{section.2.5}% 36
\BOOKMARK [2][-]{subsection.2.5.2}{Neural Network Prediction Algorithm}{section.2.5}% 37
\BOOKMARK [2][-]{subsection.2.5.3}{Vector Similarity}{section.2.5}% 38
\BOOKMARK [1][-]{section.2.6}{Existing work of Event Prediction}{chapter.2}% 39
\BOOKMARK [1][-]{section.2.7}{Open Issues and Challenges}{chapter.2}% 40
\BOOKMARK [1][-]{section.2.8}{Summary}{chapter.2}% 41
\BOOKMARK [0][-]{chapter.3}{Research Methodology}{}% 42
\BOOKMARK [1][-]{section.3.1}{Overview}{chapter.3}% 43
\BOOKMARK [1][-]{section.3.2}{Research Framework}{chapter.3}% 44
\BOOKMARK [2][-]{subsection.3.2.1}{Phase 1}{section.3.2}% 45
\BOOKMARK [2][-]{subsection.3.2.2}{Phase 2}{section.3.2}% 46
\BOOKMARK [2][-]{subsection.3.2.3}{Phase 3}{section.3.2}% 47
\BOOKMARK [1][-]{section.3.3}{Data sets}{chapter.3}% 48
\BOOKMARK [1][-]{section.3.4}{Performance Measurement}{chapter.3}% 49
\BOOKMARK [1][-]{section.3.5}{PSM 1 Gantt Chart}{chapter.3}% 50
\BOOKMARK [1][-]{section.3.6}{Summary}{chapter.3}% 51
\BOOKMARK [0][-]{chapter.4}{Experimental Setup}{}% 52
\BOOKMARK [1][-]{section.4.1}{Introduction}{chapter.4}% 53
\BOOKMARK [1][-]{section.4.2}{Text Preprocessing and Event Extraction}{chapter.4}% 54
\BOOKMARK [1][-]{section.4.3}{Summary}{chapter.4}% 55
\BOOKMARK [0][-]{chapter.5}{Conclusion}{}% 56
\BOOKMARK [1][-]{section.5.1}{Conclusion Remarks}{chapter.5}% 57
\BOOKMARK [1][-]{section.5.2}{Future Works}{chapter.5}% 58
\BOOKMARK [1][-]{section.5.3}{Summary}{chapter.5}% 59
\BOOKMARK [0][-]{section*.53}{REFERENCES}{}% 60
