\BOOKMARK [1][-]{pre:coverpage.1}{COVER PAGE}{}% 1
\BOOKMARK [1][-]{pre:declareform.1}{PSZ FORM}{}% 2
\BOOKMARK [1][-]{pre:cooperationdeclaration.1}{COOPERATION DECLARATION}{}% 3
\BOOKMARK [1][-]{pre:titlepage.1}{TITLE PAGE}{}% 4
\BOOKMARK [0][-]{section*.6}{ DECLARATION}{}% 5
\BOOKMARK [0][-]{section*.8}{ DEDICATION}{}% 6
\BOOKMARK [0][-]{section*.10}{ ACKNOWLEDGEMENT}{}% 7
\BOOKMARK [0][-]{section*.12}{ ABSTRACT}{}% 8
\BOOKMARK [0][-]{section*.14}{ ABSTRAK}{}% 9
\BOOKMARK [0][-]{section*.16}{ TABLE OF CONTENTS}{}% 10
\BOOKMARK [0][-]{section*.18}{ LIST OF TABLES}{}% 11
\BOOKMARK [0][-]{section*.20}{ LIST OF FIGURES}{}% 12
\BOOKMARK [0][-]{section*.22}{ LIST OF ABBREVIATIONS}{}% 13
\BOOKMARK [0][-]{section*.24}{ LIST OF SYMBOLS}{}% 14
\BOOKMARK [0][-]{section*.26}{ LIST OF APPENDICES}{}% 15
\BOOKMARK [0][-]{chapter.1}{Introduction}{}% 16
\BOOKMARK [1][-]{section.1.1}{Definition of thesis }{chapter.1}% 17
\BOOKMARK [1][-]{section.1.2}{Main steps in thesis/dissertation/report writing}{chapter.1}% 18
\BOOKMARK [0][-]{chapter.2}{Thesis structure shown as a very very very very very very very very very very very very very very very very very very very very very very very long title}{}% 19
\BOOKMARK [1][-]{section.2.1}{Thesis title \(SPS guidelines\)}{chapter.2}% 20
\BOOKMARK [1][-]{section.2.2}{Flow of arguments }{chapter.2}% 21
\BOOKMARK [2][-]{subsection.2.2.1}{Thesis }{section.2.2}% 22
\BOOKMARK [2][-]{subsection.2.2.2}{Abstract }{section.2.2}% 23
\BOOKMARK [2][-]{subsection.2.2.3}{Introducing your work}{section.2.2}% 24
\BOOKMARK [2][-]{subsection.2.2.4}{Discussion of the problem and state-of-the-art solutions to problem }{section.2.2}% 25
\BOOKMARK [2][-]{subsection.2.2.5}{Your proposed work}{section.2.2}% 26
\BOOKMARK [2][-]{subsection.2.2.6}{Validation of hyposthesis}{section.2.2}% 27
\BOOKMARK [2][-]{subsection.2.2.7}{Take home message to readers}{section.2.2}% 28
\BOOKMARK [2][-]{subsection.2.2.8}{References to back up your statements}{section.2.2}% 29
\BOOKMARK [2][-]{subsection.2.2.9}{Appendices}{section.2.2}% 30
\BOOKMARK [1][-]{section.2.3}{Suggested order for writing}{chapter.2}% 31
\BOOKMARK [1][-]{section.2.4}{The revision journey }{chapter.2}% 32
\BOOKMARK [0][-]{chapter.3}{Results and Discussion}{}% 33
\BOOKMARK [1][-]{section.3.1}{Graphic and Images}{chapter.3}% 34
\BOOKMARK [1][-]{section.3.2}{Floats}{chapter.3}% 35
\BOOKMARK [0][-]{chapter.4}{Conclusion}{}% 36
\BOOKMARK [1][-]{section.4.1}{Research Outcomes}{chapter.4}% 37
\BOOKMARK [1][-]{section.4.2}{Contributions to Knowledge}{chapter.4}% 38
\BOOKMARK [1][-]{section.4.3}{Future Works}{chapter.4}% 39
\BOOKMARK [0][-]{section*.33}{REFERENCES}{}% 40
\BOOKMARK [0][-]{section*.34}{LIST OF PUBLICATIONS}{}% 41
